<?xml version="1.0" encoding="UTF-8"?>
<!-- Generated by org.testng.reporters.JUnitXMLReporter -->
<testsuite ignored="0" hostname="DESKTOP-HAVHVH1" failures="1" tests="1" name="Test(failed)" time="0.091" errors="0" timestamp="2022-06-04T09:04:29 IST">
  <testcase classname="testngpack.Sumo" name="b" time="0.017">
    <failure type="java.lang.AssertionError" message="null">
      <![CDATA[java.lang.AssertionError: null
at testngpack.Sumo.b(Sumo.java:13)
at java.base/java.util.ArrayList.forEach(ArrayList.java:1511)
... Removed 29 stack frames]]>
    </failure>
  </testcase> <!-- b -->
</testsuite> <!-- Test(failed) -->
