<?xml version="1.0" encoding="UTF-8"?>
<!-- Generated by org.testng.reporters.JUnitReportReporter -->
<testsuite hostname="DESKTOP-HAVHVH1" failures="0" tests="1000" name="testngflags.Flag3" time="0.934" errors="0" timestamp="2022-06-10T12:49:49 IST" skipped="0">
  <testcase classname="testngflags.Flag3" name="login" time="0.000"/>
  <system-out>
    <![CDATA[inconsistent bug]]>
  </system-out>
  <testcase classname="testngflags.Flag3" name="login" time="0.001"/>
  <system-out>
    <![CDATA[inconsistent bug]]>
  </system-out>
  <testcase classname="testngflags.Flag3" name="login" time="0.002"/>
  <system-out>
    <![CDATA[inconsistent bug]]>
  </system-out>
  <testcase classname="testngflags.Flag3" name="login" time="0.000"/>
  <system-out>
    <![CDATA[inconsistent bug]]>
  </system-out>
  <testcase classname="testngflags.Flag3" name="login" time="0.001"/>
  <system-out>
    <![CDATA[inconsistent bug]]>
  </system-out>
  <testcase classname="testngflags.Flag3" name="login" time="0.000"/>
  <system-out>
    <![CDATA[inconsistent bug]]>
  </system-out>
  <testcase classname="testngflags.Flag3" name="login" time="0.001"/>
  <system-out>
    <![CDATA[inconsistent bug]]>
  </system-out>
  <testcase classname="testngflags.Flag3" name="login" time="0.001"/>
  <system-out>
    <![CDATA[inconsistent bug]]>
  </system-out>
  <testcase classname="testngflags.Flag3" name="login" time="0.002"/>
  <system-out>
    <![CDATA[inconsistent bug]]>
  </system-out>
  <testcase classname="testngflags.Flag3" name="login" time="0.000"/>
  <system-out>
    <![CDATA[inconsistent bug]]>
  </system-out>
  <testcase classname="testngflags.Flag3" name="login" time="0.001"/>
  <system-out>
    <![CDATA[inconsistent bug]]>
  </system-out>
  <testcase classname="testngflags.Flag3" name="login" time="0.000"/>
  <system-out>
    <![CDATA[inconsistent bug]]>
  </system-out>
  <testcase classname="testngflags.Flag3" name="login" time="0.001"/>
  <system-out>
    <![CDATA[inconsistent bug]]>
  </system-out>
  <testcase classname="testngflags.Flag3" name="login" time="0.001"/>
  <system-out>
    <![CDATA[inconsistent bug]]>
  </system-out>
  <testcase classname="testngflags.Flag3" name="login" time="0.001"/>
  <system-out>
    <![CDATA[inconsistent bug]]>
  </system-out>
  <testcase classname="testngflags.Flag3" name="login" time="0.001"/>
  <system-out>
    <![CDATA[inconsistent bug]]>
  </system-out>
  <testcase classname="testngflags.Flag3" name="login" time="0.001"/>
  <system-out>
    <![CDATA[inconsistent bug]]>
  </system-out>
  <testcase classname="testngflags.Flag3" name="login" time="0.001"/>
  <system-out>
    <![CDATA[inconsistent bug]]>
  </system-out>
  <testcase classname="testngflags.Flag3" name="login" time="0.001"/>
  <system-out>
    <![CDATA[inconsistent bug]]>
  </system-out>
  <testcase classname="testngflags.Flag3" name="login" time="0.001"/>
  <system-out>
    <![CDATA[inconsistent bug]]>
  </system-out>
  <testcase classname="testngflags.Flag3" name="login" time="0.001"/>
  <system-out>
    <![CDATA[inconsistent bug]]>
  </system-out>
  <testcase classname="testngflags.Flag3" name="login" time="0.000"/>
  <system-out>
    <![CDATA[inconsistent bug]]>
  </system-out>
  <testcase classname="testngflags.Flag3" name="login" time="0.000"/>
  <system-out>
    <![CDATA[inconsistent bug]]>
  </system-out>
  <testcase classname="testngflags.Flag3" name="login" time="0.001"/>
  <system-out>
    <![CDATA[inconsistent bug]]>
  </system-out>
  <testcase classname="testngflags.Flag3" name="login" time="0.001"/>
  <system-out>
    <![CDATA[inconsistent bug]]>
  </system-out>
  <testcase classname="testngflags.Flag3" name="login" time="0.001"/>
  <system-out>
    <![CDATA[inconsistent bug]]>
  </system-out>
  <testcase classname="testngflags.Flag3" name="login" time="0.002"/>
  <system-out>
    <![CDATA[inconsistent bug]]>
  </system-out>
  <testcase classname="testngflags.Flag3" name="login" time="0.001"/>
  <system-out>
    <![CDATA[inconsistent bug]]>
  </system-out>
  <testcase classname="testngflags.Flag3" name="login" time="0.000"/>
  <system-out>
    <![CDATA[inconsistent bug]]>
  </system-out>
  <testcase classname="testngflags.Flag3" name="login" time="0.002"/>
  <system-out>
    <![CDATA[inconsistent bug]]>
  </system-out>
  <testcase classname="testngflags.Flag3" name="login" time="0.000"/>
  <system-out>
    <![CDATA[inconsistent bug]]>
  </system-out>
  <testcase classname="testngflags.Flag3" name="login" time="0.001"/>
  <system-out>
    <![CDATA[inconsistent bug]]>
  </system-out>
  <testcase classname="testngflags.Flag3" name="login" time="0.001"/>
  <system-out>
    <![CDATA[inconsistent bug]]>
  </system-out>
  <testcase classname="testngflags.Flag3" name="login" time="0.001"/>
  <system-out>
    <![CDATA[inconsistent bug]]>
  </system-out>
  <testcase classname="testngflags.Flag3" name="login" time="0.001"/>
  <system-out>
    <![CDATA[inconsistent bug]]>
  </system-out>
  <testcase classname="testngflags.Flag3" name="login" time="0.001"/>
  <system-out>
    <![CDATA[inconsistent bug]]>
  </system-out>
  <testcase classname="testngflags.Flag3" name="login" time="0.001"/>
  <system-out>
    <![CDATA[inconsistent bug]]>
  </system-out>
  <testcase classname="testngflags.Flag3" name="login" time="0.000"/>
  <system-out>
    <![CDATA[inconsistent bug]]>
  </system-out>
  <testcase classname="testngflags.Flag3" name="login" time="0.000"/>
  <system-out>
    <![CDATA[inconsistent bug]]>
  </system-out>
  <testcase classname="testngflags.Flag3" name="login" time="0.001"/>
  <system-out>
    <![CDATA[inconsistent bug]]>
  </system-out>
  <testcase classname="testngflags.Flag3" name="login" time="0.001"/>
  <system-out>
    <![CDATA[inconsistent bug]]>
  </system-out>
  <testcase classname="testngflags.Flag3" name="login" time="0.000"/>
  <system-out>
    <![CDATA[inconsistent bug]]>
  </system-out>
  <testcase classname="testngflags.Flag3" name="login" time="0.001"/>
  <system-out>
    <![CDATA[inconsistent bug]]>
  </system-out>
  <testcase classname="testngflags.Flag3" name="login" time="0.000"/>
  <system-out>
    <![CDATA[inconsistent bug]]>
  </system-out>
  <testcase classname="testngflags.Flag3" name="login" time="0.001"/>
  <system-out>
    <![CDATA[inconsistent bug]]>
  </system-out>
  <testcase classname="testngflags.Flag3" name="login" time="0.000"/>
  <system-out>
    <![CDATA[inconsistent bug]]>
  </system-out>
  <testcase classname="testngflags.Flag3" name="login" time="0.001"/>
  <system-out>
    <![CDATA[inconsistent bug]]>
  </system-out>
  <testcase classname="testngflags.Flag3" name="login" time="0.001"/>
  <system-out>
    <![CDATA[inconsistent bug]]>
  </system-out>
  <testcase classname="testngflags.Flag3" name="login" time="0.001"/>
  <system-out>
    <![CDATA[inconsistent bug]]>
  </system-out>
  <testcase classname="testngflags.Flag3" name="login" time="0.000"/>
  <system-out>
    <![CDATA[inconsistent bug]]>
  </system-out>
  <testcase classname="testngflags.Flag3" name="login" time="0.000"/>
  <system-out>
    <![CDATA[inconsistent bug]]>
  </system-out>
  <testcase classname="testngflags.Flag3" name="login" time="0.001"/>
  <system-out>
    <![CDATA[inconsistent bug]]>
  </system-out>
  <testcase classname="testngflags.Flag3" name="login" time="0.001"/>
  <system-out>
    <![CDATA[inconsistent bug]]>
  </system-out>
  <testcase classname="testngflags.Flag3" name="login" time="0.001"/>
  <system-out>
    <![CDATA[inconsistent bug]]>
  </system-out>
  <testcase classname="testngflags.Flag3" name="login" time="0.001"/>
  <system-out>
    <![CDATA[inconsistent bug]]>
  </system-out>
  <testcase classname="testngflags.Flag3" name="login" time="0.001"/>
  <system-out>
    <![CDATA[inconsistent bug]]>
  </system-out>
  <testcase classname="testngflags.Flag3" name="login" time="0.001"/>
  <system-out>
    <![CDATA[inconsistent bug]]>
  </system-out>
  <testcase classname="testngflags.Flag3" name="login" time="0.001"/>
  <system-out>
    <![CDATA[inconsistent bug]]>
  </system-out>
  <testcase classname="testngflags.Flag3" name="login" time="0.001"/>
  <system-out>
    <![CDATA[inconsistent bug]]>
  </system-out>
  <testcase classname="testngflags.Flag3" name="login" time="0.000"/>
  <system-out>
    <![CDATA[inconsistent bug]]>
  </system-out>
  <testcase classname="testngflags.Flag3" name="login" time="0.001"/>
  <system-out>
    <![CDATA[inconsistent bug]]>
  </system-out>
  <testcase classname="testngflags.Flag3" name="login" time="0.001"/>
  <system-out>
    <![CDATA[inconsistent bug]]>
  </system-out>
  <testcase classname="testngflags.Flag3" name="login" time="0.001"/>
  <system-out>
    <![CDATA[inconsistent bug]]>
  </system-out>
  <testcase classname="testngflags.Flag3" name="login" time="0.001"/>
  <system-out>
    <![CDATA[inconsistent bug]]>
  </system-out>
  <testcase classname="testngflags.Flag3" name="login" time="0.001"/>
  <system-out>
    <![CDATA[inconsistent bug]]>
  </system-out>
  <testcase classname="testngflags.Flag3" name="login" time="0.000"/>
  <system-out>
    <![CDATA[inconsistent bug]]>
  </system-out>
  <testcase classname="testngflags.Flag3" name="login" time="0.003"/>
  <system-out>
    <![CDATA[inconsistent bug]]>
  </system-out>
  <testcase classname="testngflags.Flag3" name="login" time="0.011"/>
  <system-out>
    <![CDATA[inconsistent bug]]>
  </system-out>
  <testcase classname="testngflags.Flag3" name="login" time="0.001"/>
  <system-out>
    <![CDATA[inconsistent bug]]>
  </system-out>
  <testcase classname="testngflags.Flag3" name="login" time="0.001"/>
  <system-out>
    <![CDATA[inconsistent bug]]>
  </system-out>
  <testcase classname="testngflags.Flag3" name="login" time="0.000"/>
  <system-out>
    <![CDATA[inconsistent bug]]>
  </system-out>
  <testcase classname="testngflags.Flag3" name="login" time="0.000"/>
  <system-out>
    <![CDATA[inconsistent bug]]>
  </system-out>
  <testcase classname="testngflags.Flag3" name="login" time="0.001"/>
  <system-out>
    <![CDATA[inconsistent bug]]>
  </system-out>
  <testcase classname="testngflags.Flag3" name="login" time="0.001"/>
  <system-out>
    <![CDATA[inconsistent bug]]>
  </system-out>
  <testcase classname="testngflags.Flag3" name="login" time="0.001"/>
  <system-out>
    <![CDATA[inconsistent bug]]>
  </system-out>
  <testcase classname="testngflags.Flag3" name="login" time="0.001"/>
  <system-out>
    <![CDATA[inconsistent bug]]>
  </system-out>
  <testcase classname="testngflags.Flag3" name="login" time="0.002"/>
  <system-out>
    <![CDATA[inconsistent bug]]>
  </system-out>
  <testcase classname="testngflags.Flag3" name="login" time="0.000"/>
  <system-out>
    <![CDATA[inconsistent bug]]>
  </system-out>
  <testcase classname="testngflags.Flag3" name="login" time="0.001"/>
  <system-out>
    <![CDATA[inconsistent bug]]>
  </system-out>
  <testcase classname="testngflags.Flag3" name="login" time="0.000"/>
  <system-out>
    <![CDATA[inconsistent bug]]>
  </system-out>
  <testcase classname="testngflags.Flag3" name="login" time="0.001"/>
  <system-out>
    <![CDATA[inconsistent bug]]>
  </system-out>
  <testcase classname="testngflags.Flag3" name="login" time="0.001"/>
  <system-out>
    <![CDATA[inconsistent bug]]>
  </system-out>
  <testcase classname="testngflags.Flag3" name="login" time="0.001"/>
  <system-out>
    <![CDATA[inconsistent bug]]>
  </system-out>
  <testcase classname="testngflags.Flag3" name="login" time="0.000"/>
  <system-out>
    <![CDATA[inconsistent bug]]>
  </system-out>
  <testcase classname="testngflags.Flag3" name="login" time="0.000"/>
  <system-out>
    <![CDATA[inconsistent bug]]>
  </system-out>
  <testcase classname="testngflags.Flag3" name="login" time="0.001"/>
  <system-out>
    <![CDATA[inconsistent bug]]>
  </system-out>
  <testcase classname="testngflags.Flag3" name="login" time="0.001"/>
  <system-out>
    <![CDATA[inconsistent bug]]>
  </system-out>
  <testcase classname="testngflags.Flag3" name="login" time="0.001"/>
  <system-out>
    <![CDATA[inconsistent bug]]>
  </system-out>
  <testcase classname="testngflags.Flag3" name="login" time="0.000"/>
  <system-out>
    <![CDATA[inconsistent bug]]>
  </system-out>
  <testcase classname="testngflags.Flag3" name="login" time="0.001"/>
  <system-out>
    <![CDATA[inconsistent bug]]>
  </system-out>
  <testcase classname="testngflags.Flag3" name="login" time="0.001"/>
  <system-out>
    <![CDATA[inconsistent bug]]>
  </system-out>
  <testcase classname="testngflags.Flag3" name="login" time="0.002"/>
  <system-out>
    <![CDATA[inconsistent bug]]>
  </system-out>
  <testcase classname="testngflags.Flag3" name="login" time="0.000"/>
  <system-out>
    <![CDATA[inconsistent bug]]>
  </system-out>
  <testcase classname="testngflags.Flag3" name="login" time="0.001"/>
  <system-out>
    <![CDATA[inconsistent bug]]>
  </system-out>
  <testcase classname="testngflags.Flag3" name="login" time="0.000"/>
  <system-out>
    <![CDATA[inconsistent bug]]>
  </system-out>
  <testcase classname="testngflags.Flag3" name="login" time="0.001"/>
  <system-out>
    <![CDATA[inconsistent bug]]>
  </system-out>
  <testcase classname="testngflags.Flag3" name="login" time="0.001"/>
  <system-out>
    <![CDATA[inconsistent bug]]>
  </system-out>
  <testcase classname="testngflags.Flag3" name="login" time="0.000"/>
  <system-out>
    <![CDATA[inconsistent bug]]>
  </system-out>
  <testcase classname="testngflags.Flag3" name="login" time="0.000"/>
  <system-out>
    <![CDATA[inconsistent bug]]>
  </system-out>
  <testcase classname="testngflags.Flag3" name="login" time="0.001"/>
  <system-out>
    <![CDATA[inconsistent bug]]>
  </system-out>
  <testcase classname="testngflags.Flag3" name="login" time="0.000"/>
  <system-out>
    <![CDATA[inconsistent bug]]>
  </system-out>
  <testcase classname="testngflags.Flag3" name="login" time="0.002"/>
  <system-out>
    <![CDATA[inconsistent bug]]>
  </system-out>
  <testcase classname="testngflags.Flag3" name="login" time="0.001"/>
  <system-out>
    <![CDATA[inconsistent bug]]>
  </system-out>
  <testcase classname="testngflags.Flag3" name="login" time="0.001"/>
  <system-out>
    <![CDATA[inconsistent bug]]>
  </system-out>
  <testcase classname="testngflags.Flag3" name="login" time="0.001"/>
  <system-out>
    <![CDATA[inconsistent bug]]>
  </system-out>
  <testcase classname="testngflags.Flag3" name="login" time="0.001"/>
  <system-out>
    <![CDATA[inconsistent bug]]>
  </system-out>
  <testcase classname="testngflags.Flag3" name="login" time="0.001"/>
  <system-out>
    <![CDATA[inconsistent bug]]>
  </system-out>
  <testcase classname="testngflags.Flag3" name="login" time="0.001"/>
  <system-out>
    <![CDATA[inconsistent bug]]>
  </system-out>
  <testcase classname="testngflags.Flag3" name="login" time="0.002"/>
  <system-out>
    <![CDATA[inconsistent bug]]>
  </system-out>
  <testcase classname="testngflags.Flag3" name="login" time="0.001"/>
  <system-out>
    <![CDATA[inconsistent bug]]>
  </system-out>
  <testcase classname="testngflags.Flag3" name="login" time="0.000"/>
  <system-out>
    <![CDATA[inconsistent bug]]>
  </system-out>
  <testcase classname="testngflags.Flag3" name="login" time="0.001"/>
  <system-out>
    <![CDATA[inconsistent bug]]>
  </system-out>
  <testcase classname="testngflags.Flag3" name="login" time="0.001"/>
  <system-out>
    <![CDATA[inconsistent bug]]>
  </system-out>
  <testcase classname="testngflags.Flag3" name="login" time="0.000"/>
  <system-out>
    <![CDATA[inconsistent bug]]>
  </system-out>
  <testcase classname="testngflags.Flag3" name="login" time="0.000"/>
  <system-out>
    <![CDATA[inconsistent bug]]>
  </system-out>
  <testcase classname="testngflags.Flag3" name="login" time="0.002"/>
  <system-out>
    <![CDATA[inconsistent bug]]>
  </system-out>
  <testcase classname="testngflags.Flag3" name="login" time="0.001"/>
  <system-out>
    <![CDATA[inconsistent bug]]>
  </system-out>
  <testcase classname="testngflags.Flag3" name="login" time="0.001"/>
  <system-out>
    <![CDATA[inconsistent bug]]>
  </system-out>
  <testcase classname="testngflags.Flag3" name="login" time="0.002"/>
  <system-out>
    <![CDATA[inconsistent bug]]>
  </system-out>
  <testcase classname="testngflags.Flag3" name="login" time="0.002"/>
  <system-out>
    <![CDATA[inconsistent bug]]>
  </system-out>
  <testcase classname="testngflags.Flag3" name="login" time="0.001"/>
  <system-out>
    <![CDATA[inconsistent bug]]>
  </system-out>
  <testcase classname="testngflags.Flag3" name="login" time="0.001"/>
  <system-out>
    <![CDATA[inconsistent bug]]>
  </system-out>
  <testcase classname="testngflags.Flag3" name="login" time="0.001"/>
  <system-out>
    <![CDATA[inconsistent bug]]>
  </system-out>
  <testcase classname="testngflags.Flag3" name="login" time="0.001"/>
  <system-out>
    <![CDATA[inconsistent bug]]>
  </system-out>
  <testcase classname="testngflags.Flag3" name="login" time="0.000"/>
  <system-out>
    <![CDATA[inconsistent bug]]>
  </system-out>
  <testcase classname="testngflags.Flag3" name="login" time="0.002"/>
  <system-out>
    <![CDATA[inconsistent bug]]>
  </system-out>
  <testcase classname="testngflags.Flag3" name="login" time="0.001"/>
  <system-out>
    <![CDATA[inconsistent bug]]>
  </system-out>
  <testcase classname="testngflags.Flag3" name="login" time="0.001"/>
  <system-out>
    <![CDATA[inconsistent bug]]>
  </system-out>
  <testcase classname="testngflags.Flag3" name="login" time="0.001"/>
  <system-out>
    <![CDATA[inconsistent bug]]>
  </system-out>
  <testcase classname="testngflags.Flag3" name="login" time="0.001"/>
  <system-out>
    <![CDATA[inconsistent bug]]>
  </system-out>
  <testcase classname="testngflags.Flag3" name="login" time="0.001"/>
  <system-out>
    <![CDATA[inconsistent bug]]>
  </system-out>
  <testcase classname="testngflags.Flag3" name="login" time="0.001"/>
  <system-out>
    <![CDATA[inconsistent bug]]>
  </system-out>
  <testcase classname="testngflags.Flag3" name="login" time="0.001"/>
  <system-out>
    <![CDATA[inconsistent bug]]>
  </system-out>
  <testcase classname="testngflags.Flag3" name="login" time="0.001"/>
  <system-out>
    <![CDATA[inconsistent bug]]>
  </system-out>
  <testcase classname="testngflags.Flag3" name="login" time="0.000"/>
  <system-out>
    <![CDATA[inconsistent bug]]>
  </system-out>
  <testcase classname="testngflags.Flag3" name="login" time="0.001"/>
  <system-out>
    <![CDATA[inconsistent bug]]>
  </system-out>
  <testcase classname="testngflags.Flag3" name="login" time="0.000"/>
  <system-out>
    <![CDATA[inconsistent bug]]>
  </system-out>
  <testcase classname="testngflags.Flag3" name="login" time="0.002"/>
  <system-out>
    <![CDATA[inconsistent bug]]>
  </system-out>
  <testcase classname="testngflags.Flag3" name="login" time="0.000"/>
  <system-out>
    <![CDATA[inconsistent bug]]>
  </system-out>
  <testcase classname="testngflags.Flag3" name="login" time="0.001"/>
  <system-out>
    <![CDATA[inconsistent bug]]>
  </system-out>
  <testcase classname="testngflags.Flag3" name="login" time="0.001"/>
  <system-out>
    <![CDATA[inconsistent bug]]>
  </system-out>
  <testcase classname="testngflags.Flag3" name="login" time="0.000"/>
  <system-out>
    <![CDATA[inconsistent bug]]>
  </system-out>
  <testcase classname="testngflags.Flag3" name="login" time="0.001"/>
  <system-out>
    <![CDATA[inconsistent bug]]>
  </system-out>
  <testcase classname="testngflags.Flag3" name="login" time="0.001"/>
  <system-out>
    <![CDATA[inconsistent bug]]>
  </system-out>
  <testcase classname="testngflags.Flag3" name="login" time="0.000"/>
  <system-out>
    <![CDATA[inconsistent bug]]>
  </system-out>
  <testcase classname="testngflags.Flag3" name="login" time="0.002"/>
  <system-out>
    <![CDATA[inconsistent bug]]>
  </system-out>
  <testcase classname="testngflags.Flag3" name="login" time="0.001"/>
  <system-out>
    <![CDATA[inconsistent bug]]>
  </system-out>
  <testcase classname="testngflags.Flag3" name="login" time="0.001"/>
  <system-out>
    <![CDATA[inconsistent bug]]>
  </system-out>
  <testcase classname="testngflags.Flag3" name="login" time="0.002"/>
  <system-out>
    <![CDATA[inconsistent bug]]>
  </system-out>
  <testcase classname="testngflags.Flag3" name="login" time="0.001"/>
  <system-out>
    <![CDATA[inconsistent bug]]>
  </system-out>
  <testcase classname="testngflags.Flag3" name="login" time="0.001"/>
  <system-out>
    <![CDATA[inconsistent bug]]>
  </system-out>
  <testcase classname="testngflags.Flag3" name="login" time="0.001"/>
  <system-out>
    <![CDATA[inconsistent bug]]>
  </system-out>
  <testcase classname="testngflags.Flag3" name="login" time="0.000"/>
  <system-out>
    <![CDATA[inconsistent bug]]>
  </system-out>
  <testcase classname="testngflags.Flag3" name="login" time="0.001"/>
  <system-out>
    <![CDATA[inconsistent bug]]>
  </system-out>
  <testcase classname="testngflags.Flag3" name="login" time="0.001"/>
  <system-out>
    <![CDATA[inconsistent bug]]>
  </system-out>
  <testcase classname="testngflags.Flag3" name="login" time="0.001"/>
  <system-out>
    <![CDATA[inconsistent bug]]>
  </system-out>
  <testcase classname="testngflags.Flag3" name="login" time="0.001"/>
  <system-out>
    <![CDATA[inconsistent bug]]>
  </system-out>
  <testcase classname="testngflags.Flag3" name="login" time="0.001"/>
  <system-out>
    <![CDATA[inconsistent bug]]>
  </system-out>
  <testcase classname="testngflags.Flag3" name="login" time="0.001"/>
  <system-out>
    <![CDATA[inconsistent bug]]>
  </system-out>
  <testcase classname="testngflags.Flag3" name="login" time="0.001"/>
  <system-out>
    <![CDATA[inconsistent bug]]>
  </system-out>
  <testcase classname="testngflags.Flag3" name="login" time="0.001"/>
  <system-out>
    <![CDATA[inconsistent bug]]>
  </system-out>
  <testcase classname="testngflags.Flag3" name="login" time="0.001"/>
  <system-out>
    <![CDATA[inconsistent bug]]>
  </system-out>
  <testcase classname="testngflags.Flag3" name="login" time="0.001"/>
  <system-out>
    <![CDATA[inconsistent bug]]>
  </system-out>
  <testcase classname="testngflags.Flag3" name="login" time="0.001"/>
  <system-out>
    <![CDATA[inconsistent bug]]>
  </system-out>
  <testcase classname="testngflags.Flag3" name="login" time="0.000"/>
  <system-out>
    <![CDATA[inconsistent bug]]>
  </system-out>
  <testcase classname="testngflags.Flag3" name="login" time="0.001"/>
  <system-out>
    <![CDATA[inconsistent bug]]>
  </system-out>
  <testcase classname="testngflags.Flag3" name="login" time="0.001"/>
  <system-out>
    <![CDATA[inconsistent bug]]>
  </system-out>
  <testcase classname="testngflags.Flag3" name="login" time="0.001"/>
  <system-out>
    <![CDATA[inconsistent bug]]>
  </system-out>
  <testcase classname="testngflags.Flag3" name="login" time="0.001"/>
  <system-out>
    <![CDATA[inconsistent bug]]>
  </system-out>
  <testcase classname="testngflags.Flag3" name="login" time="0.001"/>
  <system-out>
    <![CDATA[inconsistent bug]]>
  </system-out>
  <testcase classname="testngflags.Flag3" name="login" time="0.001"/>
  <system-out>
    <![CDATA[inconsistent bug]]>
  </system-out>
  <testcase classname="testngflags.Flag3" name="login" time="0.001"/>
  <system-out>
    <![CDATA[inconsistent bug]]>
  </system-out>
  <testcase classname="testngflags.Flag3" name="login" time="0.000"/>
  <system-out>
    <![CDATA[inconsistent bug]]>
  </system-out>
  <testcase classname="testngflags.Flag3" name="login" time="0.001"/>
  <system-out>
    <![CDATA[inconsistent bug]]>
  </system-out>
  <testcase classname="testngflags.Flag3" name="login" time="0.001"/>
  <system-out>
    <![CDATA[inconsistent bug]]>
  </system-out>
  <testcase classname="testngflags.Flag3" name="login" time="0.001"/>
  <system-out>
    <![CDATA[inconsistent bug]]>
  </system-out>
  <testcase classname="testngflags.Flag3" name="login" time="0.001"/>
  <system-out>
    <![CDATA[inconsistent bug]]>
  </system-out>
  <testcase classname="testngflags.Flag3" name="login" time="0.001"/>
  <system-out>
    <![CDATA[inconsistent bug]]>
  </system-out>
  <testcase classname="testngflags.Flag3" name="login" time="0.000"/>
  <system-out>
    <![CDATA[inconsistent bug]]>
  </system-out>
  <testcase classname="testngflags.Flag3" name="login" time="0.001"/>
  <system-out>
    <![CDATA[inconsistent bug]]>
  </system-out>
  <testcase classname="testngflags.Flag3" name="login" time="0.002"/>
  <system-out>
    <![CDATA[inconsistent bug]]>
  </system-out>
  <testcase classname="testngflags.Flag3" name="login" time="0.000"/>
  <system-out>
    <![CDATA[inconsistent bug]]>
  </system-out>
  <testcase classname="testngflags.Flag3" name="login" time="0.002"/>
  <system-out>
    <![CDATA[inconsistent bug]]>
  </system-out>
  <testcase classname="testngflags.Flag3" name="login" time="0.000"/>
  <system-out>
    <![CDATA[inconsistent bug]]>
  </system-out>
  <testcase classname="testngflags.Flag3" name="login" time="0.001"/>
  <system-out>
    <![CDATA[inconsistent bug]]>
  </system-out>
  <testcase classname="testngflags.Flag3" name="login" time="0.001"/>
  <system-out>
    <![CDATA[inconsistent bug]]>
  </system-out>
  <testcase classname="testngflags.Flag3" name="login" time="0.000"/>
  <system-out>
    <![CDATA[inconsistent bug]]>
  </system-out>
  <testcase classname="testngflags.Flag3" name="login" time="0.000"/>
  <system-out>
    <![CDATA[inconsistent bug]]>
  </system-out>
  <testcase classname="testngflags.Flag3" name="login" time="0.002"/>
  <system-out>
    <![CDATA[inconsistent bug]]>
  </system-out>
  <testcase classname="testngflags.Flag3" name="login" time="0.001"/>
  <system-out>
    <![CDATA[inconsistent bug]]>
  </system-out>
  <testcase classname="testngflags.Flag3" name="login" time="0.001"/>
  <system-out>
    <![CDATA[inconsistent bug]]>
  </system-out>
  <testcase classname="testngflags.Flag3" name="login" time="0.001"/>
  <system-out>
    <![CDATA[inconsistent bug]]>
  </system-out>
  <testcase classname="testngflags.Flag3" name="login" time="0.001"/>
  <system-out>
    <![CDATA[inconsistent bug]]>
  </system-out>
  <testcase classname="testngflags.Flag3" name="login" time="0.002"/>
  <system-out>
    <![CDATA[inconsistent bug]]>
  </system-out>
  <testcase classname="testngflags.Flag3" name="login" time="0.001"/>
  <system-out>
    <![CDATA[inconsistent bug]]>
  </system-out>
  <testcase classname="testngflags.Flag3" name="login" time="0.001"/>
  <system-out>
    <![CDATA[inconsistent bug]]>
  </system-out>
  <testcase classname="testngflags.Flag3" name="login" time="0.000"/>
  <system-out>
    <![CDATA[inconsistent bug]]>
  </system-out>
  <testcase classname="testngflags.Flag3" name="login" time="0.000"/>
  <system-out>
    <![CDATA[inconsistent bug]]>
  </system-out>
  <testcase classname="testngflags.Flag3" name="login" time="0.000"/>
  <system-out>
    <![CDATA[inconsistent bug]]>
  </system-out>
  <testcase classname="testngflags.Flag3" name="login" time="0.000"/>
  <system-out>
    <![CDATA[inconsistent bug]]>
  </system-out>
  <testcase classname="testngflags.Flag3" name="login" time="0.001"/>
  <system-out>
    <![CDATA[inconsistent bug]]>
  </system-out>
  <testcase classname="testngflags.Flag3" name="login" time="0.001"/>
  <system-out>
    <![CDATA[inconsistent bug]]>
  </system-out>
  <testcase classname="testngflags.Flag3" name="login" time="0.000"/>
  <system-out>
    <![CDATA[inconsistent bug]]>
  </system-out>
  <testcase classname="testngflags.Flag3" name="login" time="0.002"/>
  <system-out>
    <![CDATA[inconsistent bug]]>
  </system-out>
  <testcase classname="testngflags.Flag3" name="login" time="0.001"/>
  <system-out>
    <![CDATA[inconsistent bug]]>
  </system-out>
  <testcase classname="testngflags.Flag3" name="login" time="0.002"/>
  <system-out>
    <![CDATA[inconsistent bug]]>
  </system-out>
  <testcase classname="testngflags.Flag3" name="login" time="0.001"/>
  <system-out>
    <![CDATA[inconsistent bug]]>
  </system-out>
  <testcase classname="testngflags.Flag3" name="login" time="0.001"/>
  <system-out>
    <![CDATA[inconsistent bug]]>
  </system-out>
  <testcase classname="testngflags.Flag3" name="login" time="0.001"/>
  <system-out>
    <![CDATA[inconsistent bug]]>
  </system-out>
  <testcase classname="testngflags.Flag3" name="login" time="0.001"/>
  <system-out>
    <![CDATA[inconsistent bug]]>
  </system-out>
  <testcase classname="testngflags.Flag3" name="login" time="0.001"/>
  <system-out>
    <![CDATA[inconsistent bug]]>
  </system-out>
  <testcase classname="testngflags.Flag3" name="login" time="0.001"/>
  <system-out>
    <![CDATA[inconsistent bug]]>
  </system-out>
  <testcase classname="testngflags.Flag3" name="login" time="0.001"/>
  <system-out>
    <![CDATA[inconsistent bug]]>
  </system-out>
  <testcase classname="testngflags.Flag3" name="login" time="0.002"/>
  <system-out>
    <![CDATA[inconsistent bug]]>
  </system-out>
  <testcase classname="testngflags.Flag3" name="login" time="0.001"/>
  <system-out>
    <![CDATA[inconsistent bug]]>
  </system-out>
  <testcase classname="testngflags.Flag3" name="login" time="0.001"/>
  <system-out>
    <![CDATA[inconsistent bug]]>
  </system-out>
  <testcase classname="testngflags.Flag3" name="login" time="0.001"/>
  <system-out>
    <![CDATA[inconsistent bug]]>
  </system-out>
  <testcase classname="testngflags.Flag3" name="login" time="0.001"/>
  <system-out>
    <![CDATA[inconsistent bug]]>
  </system-out>
  <testcase classname="testngflags.Flag3" name="login" time="0.001"/>
  <system-out>
    <![CDATA[inconsistent bug]]>
  </system-out>
  <testcase classname="testngflags.Flag3" name="login" time="0.001"/>
  <system-out>
    <![CDATA[inconsistent bug]]>
  </system-out>
  <testcase classname="testngflags.Flag3" name="login" time="0.001"/>
  <system-out>
    <![CDATA[inconsistent bug]]>
  </system-out>
  <testcase classname="testngflags.Flag3" name="login" time="0.001"/>
  <system-out>
    <![CDATA[inconsistent bug]]>
  </system-out>
  <testcase classname="testngflags.Flag3" name="login" time="0.001"/>
  <system-out>
    <![CDATA[inconsistent bug]]>
  </system-out>
  <testcase classname="testngflags.Flag3" name="login" time="0.000"/>
  <system-out>
    <![CDATA[inconsistent bug]]>
  </system-out>
  <testcase classname="testngflags.Flag3" name="login" time="0.001"/>
  <system-out>
    <![CDATA[inconsistent bug]]>
  </system-out>
  <testcase classname="testngflags.Flag3" name="login" time="0.000"/>
  <system-out>
    <![CDATA[inconsistent bug]]>
  </system-out>
  <testcase classname="testngflags.Flag3" name="login" time="0.001"/>
  <system-out>
    <![CDATA[inconsistent bug]]>
  </system-out>
  <testcase classname="testngflags.Flag3" name="login" time="0.001"/>
  <system-out>
    <![CDATA[inconsistent bug]]>
  </system-out>
  <testcase classname="testngflags.Flag3" name="login" time="0.001"/>
  <system-out>
    <![CDATA[inconsistent bug]]>
  </system-out>
  <testcase classname="testngflags.Flag3" name="login" time="0.001"/>
  <system-out>
    <![CDATA[inconsistent bug]]>
  </system-out>
  <testcase classname="testngflags.Flag3" name="login" time="0.001"/>
  <system-out>
    <![CDATA[inconsistent bug]]>
  </system-out>
  <testcase classname="testngflags.Flag3" name="login" time="0.001"/>
  <system-out>
    <![CDATA[inconsistent bug]]>
  </system-out>
  <testcase classname="testngflags.Flag3" name="login" time="0.002"/>
  <system-out>
    <![CDATA[inconsistent bug]]>
  </system-out>
  <testcase classname="testngflags.Flag3" name="login" time="0.000"/>
  <system-out>
    <![CDATA[inconsistent bug]]>
  </system-out>
  <testcase classname="testngflags.Flag3" name="login" time="0.001"/>
  <system-out>
    <![CDATA[inconsistent bug]]>
  </system-out>
  <testcase classname="testngflags.Flag3" name="login" time="0.000"/>
  <system-out>
    <![CDATA[inconsistent bug]]>
  </system-out>
  <testcase classname="testngflags.Flag3" name="login" time="0.001"/>
  <system-out>
    <![CDATA[inconsistent bug]]>
  </system-out>
  <testcase classname="testngflags.Flag3" name="login" time="0.001"/>
  <system-out>
    <![CDATA[inconsistent bug]]>
  </system-out>
  <testcase classname="testngflags.Flag3" name="login" time="0.001"/>
  <system-out>
    <![CDATA[inconsistent bug]]>
  </system-out>
  <testcase classname="testngflags.Flag3" name="login" time="0.002"/>
  <system-out>
    <![CDATA[inconsistent bug]]>
  </system-out>
  <testcase classname="testngflags.Flag3" name="login" time="0.001"/>
  <system-out>
    <![CDATA[inconsistent bug]]>
  </system-out>
  <testcase classname="testngflags.Flag3" name="login" time="0.000"/>
  <system-out>
    <![CDATA[inconsistent bug]]>
  </system-out>
  <testcase classname="testngflags.Flag3" name="login" time="0.001"/>
  <system-out>
    <![CDATA[inconsistent bug]]>
  </system-out>
  <testcase classname="testngflags.Flag3" name="login" time="0.000"/>
  <system-out>
    <![CDATA[inconsistent bug]]>
  </system-out>
  <testcase classname="testngflags.Flag3" name="login" time="0.001"/>
  <system-out>
    <![CDATA[inconsistent bug]]>
  </system-out>
  <testcase classname="testngflags.Flag3" name="login" time="0.001"/>
  <system-out>
    <![CDATA[inconsistent bug]]>
  </system-out>
  <testcase classname="testngflags.Flag3" name="login" time="0.001"/>
  <system-out>
    <![CDATA[inconsistent bug]]>
  </system-out>
  <testcase classname="testngflags.Flag3" name="login" time="0.001"/>
  <system-out>
    <![CDATA[inconsistent bug]]>
  </system-out>
  <testcase classname="testngflags.Flag3" name="login" time="0.001"/>
  <system-out>
    <![CDATA[inconsistent bug]]>
  </system-out>
  <testcase classname="testngflags.Flag3" name="login" time="0.001"/>
  <system-out>
    <![CDATA[inconsistent bug]]>
  </system-out>
  <testcase classname="testngflags.Flag3" name="login" time="0.001"/>
  <system-out>
    <![CDATA[inconsistent bug]]>
  </system-out>
  <testcase classname="testngflags.Flag3" name="login" time="0.000"/>
  <system-out>
    <![CDATA[inconsistent bug]]>
  </system-out>
  <testcase classname="testngflags.Flag3" name="login" time="0.001"/>
  <system-out>
    <![CDATA[inconsistent bug]]>
  </system-out>
  <testcase classname="testngflags.Flag3" name="login" time="0.002"/>
  <system-out>
    <![CDATA[inconsistent bug]]>
  </system-out>
  <testcase classname="testngflags.Flag3" name="login" time="0.001"/>
  <system-out>
    <![CDATA[inconsistent bug]]>
  </system-out>
  <testcase classname="testngflags.Flag3" name="login" time="0.001"/>
  <system-out>
    <![CDATA[inconsistent bug]]>
  </system-out>
  <testcase classname="testngflags.Flag3" name="login" time="0.001"/>
  <system-out>
    <![CDATA[inconsistent bug]]>
  </system-out>
  <testcase classname="testngflags.Flag3" name="login" time="0.001"/>
  <system-out>
    <![CDATA[inconsistent bug]]>
  </system-out>
  <testcase classname="testngflags.Flag3" name="login" time="0.001"/>
  <system-out>
    <![CDATA[inconsistent bug]]>
  </system-out>
  <testcase classname="testngflags.Flag3" name="login" time="0.001"/>
  <system-out>
    <![CDATA[inconsistent bug]]>
  </system-out>
  <testcase classname="testngflags.Flag3" name="login" time="0.001"/>
  <system-out>
    <![CDATA[inconsistent bug]]>
  </system-out>
  <testcase classname="testngflags.Flag3" name="login" time="0.002"/>
  <system-out>
    <![CDATA[inconsistent bug]]>
  </system-out>
  <testcase classname="testngflags.Flag3" name="login" time="0.001"/>
  <system-out>
    <![CDATA[inconsistent bug]]>
  </system-out>
  <testcase classname="testngflags.Flag3" name="login" time="0.001"/>
  <system-out>
    <![CDATA[inconsistent bug]]>
  </system-out>
  <testcase classname="testngflags.Flag3" name="login" time="0.000"/>
  <system-out>
    <![CDATA[inconsistent bug]]>
  </system-out>
  <testcase classname="testngflags.Flag3" name="login" time="0.000"/>
  <system-out>
    <![CDATA[inconsistent bug]]>
  </system-out>
  <testcase classname="testngflags.Flag3" name="login" time="0.001"/>
  <system-out>
    <![CDATA[inconsistent bug]]>
  </system-out>
  <testcase classname="testngflags.Flag3" name="login" time="0.001"/>
  <system-out>
    <![CDATA[inconsistent bug]]>
  </system-out>
  <testcase classname="testngflags.Flag3" name="login" time="0.000"/>
  <system-out>
    <![CDATA[inconsistent bug]]>
  </system-out>
  <testcase classname="testngflags.Flag3" name="login" time="0.001"/>
  <system-out>
    <![CDATA[inconsistent bug]]>
  </system-out>
  <testcase classname="testngflags.Flag3" name="login" time="0.000"/>
  <system-out>
    <![CDATA[inconsistent bug]]>
  </system-out>
  <testcase classname="testngflags.Flag3" name="login" time="0.001"/>
  <system-out>
    <![CDATA[inconsistent bug]]>
  </system-out>
  <testcase classname="testngflags.Flag3" name="login" time="0.000"/>
  <system-out>
    <![CDATA[inconsistent bug]]>
  </system-out>
  <testcase classname="testngflags.Flag3" name="login" time="0.001"/>
  <system-out>
    <![CDATA[inconsistent bug]]>
  </system-out>
  <testcase classname="testngflags.Flag3" name="login" time="0.001"/>
  <system-out>
    <![CDATA[inconsistent bug]]>
  </system-out>
  <testcase classname="testngflags.Flag3" name="login" time="0.001"/>
  <system-out>
    <![CDATA[inconsistent bug]]>
  </system-out>
  <testcase classname="testngflags.Flag3" name="login" time="0.001"/>
  <system-out>
    <![CDATA[inconsistent bug]]>
  </system-out>
  <testcase classname="testngflags.Flag3" name="login" time="0.001"/>
  <system-out>
    <![CDATA[inconsistent bug]]>
  </system-out>
  <testcase classname="testngflags.Flag3" name="login" time="0.002"/>
  <system-out>
    <![CDATA[inconsistent bug]]>
  </system-out>
  <testcase classname="testngflags.Flag3" name="login" time="0.001"/>
  <system-out>
    <![CDATA[inconsistent bug]]>
  </system-out>
  <testcase classname="testngflags.Flag3" name="login" time="0.002"/>
  <system-out>
    <![CDATA[inconsistent bug]]>
  </system-out>
  <testcase classname="testngflags.Flag3" name="login" time="0.001"/>
  <system-out>
    <![CDATA[inconsistent bug]]>
  </system-out>
  <testcase classname="testngflags.Flag3" name="login" time="0.001"/>
  <system-out>
    <![CDATA[inconsistent bug]]>
  </system-out>
  <testcase classname="testngflags.Flag3" name="login" time="0.001"/>
  <system-out>
    <![CDATA[inconsistent bug]]>
  </system-out>
  <testcase classname="testngflags.Flag3" name="login" time="0.001"/>
  <system-out>
    <![CDATA[inconsistent bug]]>
  </system-out>
  <testcase classname="testngflags.Flag3" name="login" time="0.001"/>
  <system-out>
    <![CDATA[inconsistent bug]]>
  </system-out>
  <testcase classname="testngflags.Flag3" name="login" time="0.001"/>
  <system-out>
    <![CDATA[inconsistent bug]]>
  </system-out>
  <testcase classname="testngflags.Flag3" name="login" time="0.001"/>
  <system-out>
    <![CDATA[inconsistent bug]]>
  </system-out>
  <testcase classname="testngflags.Flag3" name="login" time="0.001"/>
  <system-out>
    <![CDATA[inconsistent bug]]>
  </system-out>
  <testcase classname="testngflags.Flag3" name="login" time="0.001"/>
  <system-out>
    <![CDATA[inconsistent bug]]>
  </system-out>
  <testcase classname="testngflags.Flag3" name="login" time="0.001"/>
  <system-out>
    <![CDATA[inconsistent bug]]>
  </system-out>
  <testcase classname="testngflags.Flag3" name="login" time="0.001"/>
  <system-out>
    <![CDATA[inconsistent bug]]>
  </system-out>
  <testcase classname="testngflags.Flag3" name="login" time="0.001"/>
  <system-out>
    <![CDATA[inconsistent bug]]>
  </system-out>
  <testcase classname="testngflags.Flag3" name="login" time="0.001"/>
  <system-out>
    <![CDATA[inconsistent bug]]>
  </system-out>
  <testcase classname="testngflags.Flag3" name="login" time="0.000"/>
  <system-out>
    <![CDATA[inconsistent bug]]>
  </system-out>
  <testcase classname="testngflags.Flag3" name="login" time="0.001"/>
  <system-out>
    <![CDATA[inconsistent bug]]>
  </system-out>
  <testcase classname="testngflags.Flag3" name="login" time="0.001"/>
  <system-out>
    <![CDATA[inconsistent bug]]>
  </system-out>
  <testcase classname="testngflags.Flag3" name="login" time="0.001"/>
  <system-out>
    <![CDATA[inconsistent bug]]>
  </system-out>
  <testcase classname="testngflags.Flag3" name="login" time="0.001"/>
  <system-out>
    <![CDATA[inconsistent bug]]>
  </system-out>
  <testcase classname="testngflags.Flag3" name="login" time="0.001"/>
  <system-out>
    <![CDATA[inconsistent bug]]>
  </system-out>
  <testcase classname="testngflags.Flag3" name="login" time="0.001"/>
  <system-out>
    <![CDATA[inconsistent bug]]>
  </system-out>
  <testcase classname="testngflags.Flag3" name="login" time="0.004"/>
  <system-out>
    <![CDATA[inconsistent bug]]>
  </system-out>
  <testcase classname="testngflags.Flag3" name="login" time="0.001"/>
  <system-out>
    <![CDATA[inconsistent bug]]>
  </system-out>
  <testcase classname="testngflags.Flag3" name="login" time="0.001"/>
  <system-out>
    <![CDATA[inconsistent bug]]>
  </system-out>
  <testcase classname="testngflags.Flag3" name="login" time="0.000"/>
  <system-out>
    <![CDATA[inconsistent bug]]>
  </system-out>
  <testcase classname="testngflags.Flag3" name="login" time="0.001"/>
  <system-out>
    <![CDATA[inconsistent bug]]>
  </system-out>
  <testcase classname="testngflags.Flag3" name="login" time="0.000"/>
  <system-out>
    <![CDATA[inconsistent bug]]>
  </system-out>
  <testcase classname="testngflags.Flag3" name="login" time="0.001"/>
  <system-out>
    <![CDATA[inconsistent bug]]>
  </system-out>
  <testcase classname="testngflags.Flag3" name="login" time="0.001"/>
  <system-out>
    <![CDATA[inconsistent bug]]>
  </system-out>
  <testcase classname="testngflags.Flag3" name="login" time="0.001"/>
  <system-out>
    <![CDATA[inconsistent bug]]>
  </system-out>
  <testcase classname="testngflags.Flag3" name="login" time="0.002"/>
  <system-out>
    <![CDATA[inconsistent bug]]>
  </system-out>
  <testcase classname="testngflags.Flag3" name="login" time="0.001"/>
  <system-out>
    <![CDATA[inconsistent bug]]>
  </system-out>
  <testcase classname="testngflags.Flag3" name="login" time="0.000"/>
  <system-out>
    <![CDATA[inconsistent bug]]>
  </system-out>
  <testcase classname="testngflags.Flag3" name="login" time="0.001"/>
  <system-out>
    <![CDATA[inconsistent bug]]>
  </system-out>
  <testcase classname="testngflags.Flag3" name="login" time="0.000"/>
  <system-out>
    <![CDATA[inconsistent bug]]>
  </system-out>
  <testcase classname="testngflags.Flag3" name="login" time="0.001"/>
  <system-out>
    <![CDATA[inconsistent bug]]>
  </system-out>
  <testcase classname="testngflags.Flag3" name="login" time="0.001"/>
  <system-out>
    <![CDATA[inconsistent bug]]>
  </system-out>
  <testcase classname="testngflags.Flag3" name="login" time="0.000"/>
  <system-out>
    <![CDATA[inconsistent bug]]>
  </system-out>
  <testcase classname="testngflags.Flag3" name="login" time="0.000"/>
  <system-out>
    <![CDATA[inconsistent bug]]>
  </system-out>
  <testcase classname="testngflags.Flag3" name="login" time="0.001"/>
  <system-out>
    <![CDATA[inconsistent bug]]>
  </system-out>
  <testcase classname="testngflags.Flag3" name="login" time="0.001"/>
  <system-out>
    <![CDATA[inconsistent bug]]>
  </system-out>
  <testcase classname="testngflags.Flag3" name="login" time="0.000"/>
  <system-out>
    <![CDATA[inconsistent bug]]>
  </system-out>
  <testcase classname="testngflags.Flag3" name="login" time="0.001"/>
  <system-out>
    <![CDATA[inconsistent bug]]>
  </system-out>
  <testcase classname="testngflags.Flag3" name="login" time="0.000"/>
  <system-out>
    <![CDATA[inconsistent bug]]>
  </system-out>
  <testcase classname="testngflags.Flag3" name="login" time="0.001"/>
  <system-out>
    <![CDATA[inconsistent bug]]>
  </system-out>
  <testcase classname="testngflags.Flag3" name="login" time="0.000"/>
  <system-out>
    <![CDATA[inconsistent bug]]>
  </system-out>
  <testcase classname="testngflags.Flag3" name="login" time="0.000"/>
  <system-out>
    <![CDATA[inconsistent bug]]>
  </system-out>
  <testcase classname="testngflags.Flag3" name="login" time="0.001"/>
  <system-out>
    <![CDATA[inconsistent bug]]>
  </system-out>
  <testcase classname="testngflags.Flag3" name="login" time="0.000"/>
  <system-out>
    <![CDATA[inconsistent bug]]>
  </system-out>
  <testcase classname="testngflags.Flag3" name="login" time="0.001"/>
  <system-out>
    <![CDATA[inconsistent bug]]>
  </system-out>
  <testcase classname="testngflags.Flag3" name="login" time="0.001"/>
  <system-out>
    <![CDATA[inconsistent bug]]>
  </system-out>
  <testcase classname="testngflags.Flag3" name="login" time="0.001"/>
  <system-out>
    <![CDATA[inconsistent bug]]>
  </system-out>
  <testcase classname="testngflags.Flag3" name="login" time="0.002"/>
  <system-out>
    <![CDATA[inconsistent bug]]>
  </system-out>
  <testcase classname="testngflags.Flag3" name="login" time="0.001"/>
  <system-out>
    <![CDATA[inconsistent bug]]>
  </system-out>
  <testcase classname="testngflags.Flag3" name="login" time="0.002"/>
  <system-out>
    <![CDATA[inconsistent bug]]>
  </system-out>
  <testcase classname="testngflags.Flag3" name="login" time="0.001"/>
  <system-out>
    <![CDATA[inconsistent bug]]>
  </system-out>
  <testcase classname="testngflags.Flag3" name="login" time="0.001"/>
  <system-out>
    <![CDATA[inconsistent bug]]>
  </system-out>
  <testcase classname="testngflags.Flag3" name="login" time="0.001"/>
  <system-out>
    <![CDATA[inconsistent bug]]>
  </system-out>
  <testcase classname="testngflags.Flag3" name="login" time="0.000"/>
  <system-out>
    <![CDATA[inconsistent bug]]>
  </system-out>
  <testcase classname="testngflags.Flag3" name="login" time="0.002"/>
  <system-out>
    <![CDATA[inconsistent bug]]>
  </system-out>
  <testcase classname="testngflags.Flag3" name="login" time="0.001"/>
  <system-out>
    <![CDATA[inconsistent bug]]>
  </system-out>
  <testcase classname="testngflags.Flag3" name="login" time="0.001"/>
  <system-out>
    <![CDATA[inconsistent bug]]>
  </system-out>
  <testcase classname="testngflags.Flag3" name="login" time="0.001"/>
  <system-out>
    <![CDATA[inconsistent bug]]>
  </system-out>
  <testcase classname="testngflags.Flag3" name="login" time="0.001"/>
  <system-out>
    <![CDATA[inconsistent bug]]>
  </system-out>
  <testcase classname="testngflags.Flag3" name="login" time="0.000"/>
  <system-out>
    <![CDATA[inconsistent bug]]>
  </system-out>
  <testcase classname="testngflags.Flag3" name="login" time="0.001"/>
  <system-out>
    <![CDATA[inconsistent bug]]>
  </system-out>
  <testcase classname="testngflags.Flag3" name="login" time="0.000"/>
  <system-out>
    <![CDATA[inconsistent bug]]>
  </system-out>
  <testcase classname="testngflags.Flag3" name="login" time="0.001"/>
  <system-out>
    <![CDATA[inconsistent bug]]>
  </system-out>
  <testcase classname="testngflags.Flag3" name="login" time="0.001"/>
  <system-out>
    <![CDATA[inconsistent bug]]>
  </system-out>
  <testcase classname="testngflags.Flag3" name="login" time="0.001"/>
  <system-out>
    <![CDATA[inconsistent bug]]>
  </system-out>
  <testcase classname="testngflags.Flag3" name="login" time="0.001"/>
  <system-out>
    <![CDATA[inconsistent bug]]>
  </system-out>
  <testcase classname="testngflags.Flag3" name="login" time="0.001"/>
  <system-out>
    <![CDATA[inconsistent bug]]>
  </system-out>
  <testcase classname="testngflags.Flag3" name="login" time="0.000"/>
  <system-out>
    <![CDATA[inconsistent bug]]>
  </system-out>
  <testcase classname="testngflags.Flag3" name="login" time="0.000"/>
  <system-out>
    <![CDATA[inconsistent bug]]>
  </system-out>
  <testcase classname="testngflags.Flag3" name="login" time="0.001"/>
  <system-out>
    <![CDATA[inconsistent bug]]>
  </system-out>
  <testcase classname="testngflags.Flag3" name="login" time="0.001"/>
  <system-out>
    <![CDATA[inconsistent bug]]>
  </system-out>
  <testcase classname="testngflags.Flag3" name="login" time="0.001"/>
  <system-out>
    <![CDATA[inconsistent bug]]>
  </system-out>
  <testcase classname="testngflags.Flag3" name="login" time="0.001"/>
  <system-out>
    <![CDATA[inconsistent bug]]>
  </system-out>
  <testcase classname="testngflags.Flag3" name="login" time="0.000"/>
  <system-out>
    <![CDATA[inconsistent bug]]>
  </system-out>
  <testcase classname="testngflags.Flag3" name="login" time="0.001"/>
  <system-out>
    <![CDATA[inconsistent bug]]>
  </system-out>
  <testcase classname="testngflags.Flag3" name="login" time="0.001"/>
  <system-out>
    <![CDATA[inconsistent bug]]>
  </system-out>
  <testcase classname="testngflags.Flag3" name="login" time="0.001"/>
  <system-out>
    <![CDATA[inconsistent bug]]>
  </system-out>
  <testcase classname="testngflags.Flag3" name="login" time="0.001"/>
  <system-out>
    <![CDATA[inconsistent bug]]>
  </system-out>
  <testcase classname="testngflags.Flag3" name="login" time="0.000"/>
  <system-out>
    <![CDATA[inconsistent bug]]>
  </system-out>
  <testcase classname="testngflags.Flag3" name="login" time="0.001"/>
  <system-out>
    <![CDATA[inconsistent bug]]>
  </system-out>
  <testcase classname="testngflags.Flag3" name="login" time="0.002"/>
  <system-out>
    <![CDATA[inconsistent bug]]>
  </system-out>
  <testcase classname="testngflags.Flag3" name="login" time="0.002"/>
  <system-out>
    <![CDATA[inconsistent bug]]>
  </system-out>
  <testcase classname="testngflags.Flag3" name="login" time="0.001"/>
  <system-out>
    <![CDATA[inconsistent bug]]>
  </system-out>
  <testcase classname="testngflags.Flag3" name="login" time="0.001"/>
  <system-out>
    <![CDATA[inconsistent bug]]>
  </system-out>
  <testcase classname="testngflags.Flag3" name="login" time="0.001"/>
  <system-out>
    <![CDATA[inconsistent bug]]>
  </system-out>
  <testcase classname="testngflags.Flag3" name="login" time="0.001"/>
  <system-out>
    <![CDATA[inconsistent bug]]>
  </system-out>
  <testcase classname="testngflags.Flag3" name="login" time="0.002"/>
  <system-out>
    <![CDATA[inconsistent bug]]>
  </system-out>
  <testcase classname="testngflags.Flag3" name="login" time="0.002"/>
  <system-out>
    <![CDATA[inconsistent bug]]>
  </system-out>
  <testcase classname="testngflags.Flag3" name="login" time="0.001"/>
  <system-out>
    <![CDATA[inconsistent bug]]>
  </system-out>
  <testcase classname="testngflags.Flag3" name="login" time="0.000"/>
  <system-out>
    <![CDATA[inconsistent bug]]>
  </system-out>
  <testcase classname="testngflags.Flag3" name="login" time="0.001"/>
  <system-out>
    <![CDATA[inconsistent bug]]>
  </system-out>
  <testcase classname="testngflags.Flag3" name="login" time="0.001"/>
  <system-out>
    <![CDATA[inconsistent bug]]>
  </system-out>
  <testcase classname="testngflags.Flag3" name="login" time="0.001"/>
  <system-out>
    <![CDATA[inconsistent bug]]>
  </system-out>
  <testcase classname="testngflags.Flag3" name="login" time="0.001"/>
  <system-out>
    <![CDATA[inconsistent bug]]>
  </system-out>
  <testcase classname="testngflags.Flag3" name="login" time="0.000"/>
  <system-out>
    <![CDATA[inconsistent bug]]>
  </system-out>
  <testcase classname="testngflags.Flag3" name="login" time="0.000"/>
  <system-out>
    <![CDATA[inconsistent bug]]>
  </system-out>
  <testcase classname="testngflags.Flag3" name="login" time="0.001"/>
  <system-out>
    <![CDATA[inconsistent bug]]>
  </system-out>
  <testcase classname="testngflags.Flag3" name="login" time="0.001"/>
  <system-out>
    <![CDATA[inconsistent bug]]>
  </system-out>
  <testcase classname="testngflags.Flag3" name="login" time="0.001"/>
  <system-out>
    <![CDATA[inconsistent bug]]>
  </system-out>
  <testcase classname="testngflags.Flag3" name="login" time="0.001"/>
  <system-out>
    <![CDATA[inconsistent bug]]>
  </system-out>
  <testcase classname="testngflags.Flag3" name="login" time="0.003"/>
  <system-out>
    <![CDATA[inconsistent bug]]>
  </system-out>
  <testcase classname="testngflags.Flag3" name="login" time="0.001"/>
  <system-out>
    <![CDATA[inconsistent bug]]>
  </system-out>
  <testcase classname="testngflags.Flag3" name="login" time="0.001"/>
  <system-out>
    <![CDATA[inconsistent bug]]>
  </system-out>
  <testcase classname="testngflags.Flag3" name="login" time="0.000"/>
  <system-out>
    <![CDATA[inconsistent bug]]>
  </system-out>
  <testcase classname="testngflags.Flag3" name="login" time="0.002"/>
  <system-out>
    <![CDATA[inconsistent bug]]>
  </system-out>
  <testcase classname="testngflags.Flag3" name="login" time="0.001"/>
  <system-out>
    <![CDATA[inconsistent bug]]>
  </system-out>
  <testcase classname="testngflags.Flag3" name="login" time="0.001"/>
  <system-out>
    <![CDATA[inconsistent bug]]>
  </system-out>
  <testcase classname="testngflags.Flag3" name="login" time="0.000"/>
  <system-out>
    <![CDATA[inconsistent bug]]>
  </system-out>
  <testcase classname="testngflags.Flag3" name="login" time="0.000"/>
  <system-out>
    <![CDATA[inconsistent bug]]>
  </system-out>
  <testcase classname="testngflags.Flag3" name="login" time="0.001"/>
  <system-out>
    <![CDATA[inconsistent bug]]>
  </system-out>
  <testcase classname="testngflags.Flag3" name="login" time="0.001"/>
  <system-out>
    <![CDATA[inconsistent bug]]>
  </system-out>
  <testcase classname="testngflags.Flag3" name="login" time="0.000"/>
  <system-out>
    <![CDATA[inconsistent bug]]>
  </system-out>
  <testcase classname="testngflags.Flag3" name="login" time="0.000"/>
  <system-out>
    <![CDATA[inconsistent bug]]>
  </system-out>
  <testcase classname="testngflags.Flag3" name="login" time="0.002"/>
  <system-out>
    <![CDATA[inconsistent bug]]>
  </system-out>
  <testcase classname="testngflags.Flag3" name="login" time="0.001"/>
  <system-out>
    <![CDATA[inconsistent bug]]>
  </system-out>
  <testcase classname="testngflags.Flag3" name="login" time="0.000"/>
  <system-out>
    <![CDATA[inconsistent bug]]>
  </system-out>
  <testcase classname="testngflags.Flag3" name="login" time="0.000"/>
  <system-out>
    <![CDATA[inconsistent bug]]>
  </system-out>
  <testcase classname="testngflags.Flag3" name="login" time="0.001"/>
  <system-out>
    <![CDATA[inconsistent bug]]>
  </system-out>
  <testcase classname="testngflags.Flag3" name="login" time="0.001"/>
  <system-out>
    <![CDATA[inconsistent bug]]>
  </system-out>
  <testcase classname="testngflags.Flag3" name="login" time="0.001"/>
  <system-out>
    <![CDATA[inconsistent bug]]>
  </system-out>
  <testcase classname="testngflags.Flag3" name="login" time="0.001"/>
  <system-out>
    <![CDATA[inconsistent bug]]>
  </system-out>
  <testcase classname="testngflags.Flag3" name="login" time="0.001"/>
  <system-out>
    <![CDATA[inconsistent bug]]>
  </system-out>
  <testcase classname="testngflags.Flag3" name="login" time="0.001"/>
  <system-out>
    <![CDATA[inconsistent bug]]>
  </system-out>
  <testcase classname="testngflags.Flag3" name="login" time="0.001"/>
  <system-out>
    <![CDATA[inconsistent bug]]>
  </system-out>
  <testcase classname="testngflags.Flag3" name="login" time="0.000"/>
  <system-out>
    <![CDATA[inconsistent bug]]>
  </system-out>
  <testcase classname="testngflags.Flag3" name="login" time="0.001"/>
  <system-out>
    <![CDATA[inconsistent bug]]>
  </system-out>
  <testcase classname="testngflags.Flag3" name="login" time="0.001"/>
  <system-out>
    <![CDATA[inconsistent bug]]>
  </system-out>
  <testcase classname="testngflags.Flag3" name="login" time="0.001"/>
  <system-out>
    <![CDATA[inconsistent bug]]>
  </system-out>
  <testcase classname="testngflags.Flag3" name="login" time="0.001"/>
  <system-out>
    <![CDATA[inconsistent bug]]>
  </system-out>
  <testcase classname="testngflags.Flag3" name="login" time="0.001"/>
  <system-out>
    <![CDATA[inconsistent bug]]>
  </system-out>
  <testcase classname="testngflags.Flag3" name="login" time="0.001"/>
  <system-out>
    <![CDATA[inconsistent bug]]>
  </system-out>
  <testcase classname="testngflags.Flag3" name="login" time="0.000"/>
  <system-out>
    <![CDATA[inconsistent bug]]>
  </system-out>
  <testcase classname="testngflags.Flag3" name="login" time="0.001"/>
  <system-out>
    <![CDATA[inconsistent bug]]>
  </system-out>
  <testcase classname="testngflags.Flag3" name="login" time="0.001"/>
  <system-out>
    <![CDATA[inconsistent bug]]>
  </system-out>
  <testcase classname="testngflags.Flag3" name="login" time="0.000"/>
  <system-out>
    <![CDATA[inconsistent bug]]>
  </system-out>
  <testcase classname="testngflags.Flag3" name="login" time="0.001"/>
  <system-out>
    <![CDATA[inconsistent bug]]>
  </system-out>
  <testcase classname="testngflags.Flag3" name="login" time="0.001"/>
  <system-out>
    <![CDATA[inconsistent bug]]>
  </system-out>
  <testcase classname="testngflags.Flag3" name="login" time="0.001"/>
  <system-out>
    <![CDATA[inconsistent bug]]>
  </system-out>
  <testcase classname="testngflags.Flag3" name="login" time="0.000"/>
  <system-out>
    <![CDATA[inconsistent bug]]>
  </system-out>
  <testcase classname="testngflags.Flag3" name="login" time="0.004"/>
  <system-out>
    <![CDATA[inconsistent bug]]>
  </system-out>
  <testcase classname="testngflags.Flag3" name="login" time="0.000"/>
  <system-out>
    <![CDATA[inconsistent bug]]>
  </system-out>
  <testcase classname="testngflags.Flag3" name="login" time="0.000"/>
  <system-out>
    <![CDATA[inconsistent bug]]>
  </system-out>
  <testcase classname="testngflags.Flag3" name="login" time="0.004"/>
  <system-out>
    <![CDATA[inconsistent bug]]>
  </system-out>
  <testcase classname="testngflags.Flag3" name="login" time="0.000"/>
  <system-out>
    <![CDATA[inconsistent bug]]>
  </system-out>
  <testcase classname="testngflags.Flag3" name="login" time="0.001"/>
  <system-out>
    <![CDATA[inconsistent bug]]>
  </system-out>
  <testcase classname="testngflags.Flag3" name="login" time="0.001"/>
  <system-out>
    <![CDATA[inconsistent bug]]>
  </system-out>
  <testcase classname="testngflags.Flag3" name="login" time="0.001"/>
  <system-out>
    <![CDATA[inconsistent bug]]>
  </system-out>
  <testcase classname="testngflags.Flag3" name="login" time="0.000"/>
  <system-out>
    <![CDATA[inconsistent bug]]>
  </system-out>
  <testcase classname="testngflags.Flag3" name="login" time="0.002"/>
  <system-out>
    <![CDATA[inconsistent bug]]>
  </system-out>
  <testcase classname="testngflags.Flag3" name="login" time="0.000"/>
  <system-out>
    <![CDATA[inconsistent bug]]>
  </system-out>
  <testcase classname="testngflags.Flag3" name="login" time="0.001"/>
  <system-out>
    <![CDATA[inconsistent bug]]>
  </system-out>
  <testcase classname="testngflags.Flag3" name="login" time="0.001"/>
  <system-out>
    <![CDATA[inconsistent bug]]>
  </system-out>
  <testcase classname="testngflags.Flag3" name="login" time="0.003"/>
  <system-out>
    <![CDATA[inconsistent bug]]>
  </system-out>
  <testcase classname="testngflags.Flag3" name="login" time="0.001"/>
  <system-out>
    <![CDATA[inconsistent bug]]>
  </system-out>
  <testcase classname="testngflags.Flag3" name="login" time="0.001"/>
  <system-out>
    <![CDATA[inconsistent bug]]>
  </system-out>
  <testcase classname="testngflags.Flag3" name="login" time="0.002"/>
  <system-out>
    <![CDATA[inconsistent bug]]>
  </system-out>
  <testcase classname="testngflags.Flag3" name="login" time="0.001"/>
  <system-out>
    <![CDATA[inconsistent bug]]>
  </system-out>
  <testcase classname="testngflags.Flag3" name="login" time="0.000"/>
  <system-out>
    <![CDATA[inconsistent bug]]>
  </system-out>
  <testcase classname="testngflags.Flag3" name="login" time="0.001"/>
  <system-out>
    <![CDATA[inconsistent bug]]>
  </system-out>
  <testcase classname="testngflags.Flag3" name="login" time="0.000"/>
  <system-out>
    <![CDATA[inconsistent bug]]>
  </system-out>
  <testcase classname="testngflags.Flag3" name="login" time="0.001"/>
  <system-out>
    <![CDATA[inconsistent bug]]>
  </system-out>
  <testcase classname="testngflags.Flag3" name="login" time="0.001"/>
  <system-out>
    <![CDATA[inconsistent bug]]>
  </system-out>
  <testcase classname="testngflags.Flag3" name="login" time="0.001"/>
  <system-out>
    <![CDATA[inconsistent bug]]>
  </system-out>
  <testcase classname="testngflags.Flag3" name="login" time="0.000"/>
  <system-out>
    <![CDATA[inconsistent bug]]>
  </system-out>
  <testcase classname="testngflags.Flag3" name="login" time="0.000"/>
  <system-out>
    <![CDATA[inconsistent bug]]>
  </system-out>
  <testcase classname="testngflags.Flag3" name="login" time="0.001"/>
  <system-out>
    <![CDATA[inconsistent bug]]>
  </system-out>
  <testcase classname="testngflags.Flag3" name="login" time="0.001"/>
  <system-out>
    <![CDATA[inconsistent bug]]>
  </system-out>
  <testcase classname="testngflags.Flag3" name="login" time="0.001"/>
  <system-out>
    <![CDATA[inconsistent bug]]>
  </system-out>
  <testcase classname="testngflags.Flag3" name="login" time="0.000"/>
  <system-out>
    <![CDATA[inconsistent bug]]>
  </system-out>
  <testcase classname="testngflags.Flag3" name="login" time="0.001"/>
  <system-out>
    <![CDATA[inconsistent bug]]>
  </system-out>
  <testcase classname="testngflags.Flag3" name="login" time="0.001"/>
  <system-out>
    <![CDATA[inconsistent bug]]>
  </system-out>
  <testcase classname="testngflags.Flag3" name="login" time="0.002"/>
  <system-out>
    <![CDATA[inconsistent bug]]>
  </system-out>
  <testcase classname="testngflags.Flag3" name="login" time="0.001"/>
  <system-out>
    <![CDATA[inconsistent bug]]>
  </system-out>
  <testcase classname="testngflags.Flag3" name="login" time="0.001"/>
  <system-out>
    <![CDATA[inconsistent bug]]>
  </system-out>
  <testcase classname="testngflags.Flag3" name="login" time="0.001"/>
  <system-out>
    <![CDATA[inconsistent bug]]>
  </system-out>
  <testcase classname="testngflags.Flag3" name="login" time="0.000"/>
  <system-out>
    <![CDATA[inconsistent bug]]>
  </system-out>
  <testcase classname="testngflags.Flag3" name="login" time="0.001"/>
  <system-out>
    <![CDATA[inconsistent bug]]>
  </system-out>
  <testcase classname="testngflags.Flag3" name="login" time="0.000"/>
  <system-out>
    <![CDATA[inconsistent bug]]>
  </system-out>
  <testcase classname="testngflags.Flag3" name="login" time="0.001"/>
  <system-out>
    <![CDATA[inconsistent bug]]>
  </system-out>
  <testcase classname="testngflags.Flag3" name="login" time="0.001"/>
  <system-out>
    <![CDATA[inconsistent bug]]>
  </system-out>
  <testcase classname="testngflags.Flag3" name="login" time="0.001"/>
  <system-out>
    <![CDATA[inconsistent bug]]>
  </system-out>
  <testcase classname="testngflags.Flag3" name="login" time="0.001"/>
  <system-out>
    <![CDATA[inconsistent bug]]>
  </system-out>
  <testcase classname="testngflags.Flag3" name="login" time="0.001"/>
  <system-out>
    <![CDATA[inconsistent bug]]>
  </system-out>
  <testcase classname="testngflags.Flag3" name="login" time="0.000"/>
  <system-out>
    <![CDATA[inconsistent bug]]>
  </system-out>
  <testcase classname="testngflags.Flag3" name="login" time="0.000"/>
  <system-out>
    <![CDATA[inconsistent bug]]>
  </system-out>
  <testcase classname="testngflags.Flag3" name="login" time="0.001"/>
  <system-out>
    <![CDATA[inconsistent bug]]>
  </system-out>
  <testcase classname="testngflags.Flag3" name="login" time="0.001"/>
  <system-out>
    <![CDATA[inconsistent bug]]>
  </system-out>
  <testcase classname="testngflags.Flag3" name="login" time="0.001"/>
  <system-out>
    <![CDATA[inconsistent bug]]>
  </system-out>
  <testcase classname="testngflags.Flag3" name="login" time="0.001"/>
  <system-out>
    <![CDATA[inconsistent bug]]>
  </system-out>
  <testcase classname="testngflags.Flag3" name="login" time="0.001"/>
  <system-out>
    <![CDATA[inconsistent bug]]>
  </system-out>
  <testcase classname="testngflags.Flag3" name="login" time="0.017"/>
  <system-out>
    <![CDATA[inconsistent bug]]>
  </system-out>
  <testcase classname="testngflags.Flag3" name="login" time="0.000"/>
  <system-out>
    <![CDATA[inconsistent bug]]>
  </system-out>
  <testcase classname="testngflags.Flag3" name="login" time="0.000"/>
  <system-out>
    <![CDATA[inconsistent bug]]>
  </system-out>
  <testcase classname="testngflags.Flag3" name="login" time="0.001"/>
  <system-out>
    <![CDATA[inconsistent bug]]>
  </system-out>
  <testcase classname="testngflags.Flag3" name="login" time="0.002"/>
  <system-out>
    <![CDATA[inconsistent bug]]>
  </system-out>
  <testcase classname="testngflags.Flag3" name="login" time="0.001"/>
  <system-out>
    <![CDATA[inconsistent bug]]>
  </system-out>
  <testcase classname="testngflags.Flag3" name="login" time="0.002"/>
  <system-out>
    <![CDATA[inconsistent bug]]>
  </system-out>
  <testcase classname="testngflags.Flag3" name="login" time="0.001"/>
  <system-out>
    <![CDATA[inconsistent bug]]>
  </system-out>
  <testcase classname="testngflags.Flag3" name="login" time="0.001"/>
  <system-out>
    <![CDATA[inconsistent bug]]>
  </system-out>
  <testcase classname="testngflags.Flag3" name="login" time="0.001"/>
  <system-out>
    <![CDATA[inconsistent bug]]>
  </system-out>
  <testcase classname="testngflags.Flag3" name="login" time="0.001"/>
  <system-out>
    <![CDATA[inconsistent bug]]>
  </system-out>
  <testcase classname="testngflags.Flag3" name="login" time="0.001"/>
  <system-out>
    <![CDATA[inconsistent bug]]>
  </system-out>
  <testcase classname="testngflags.Flag3" name="login" time="0.001"/>
  <system-out>
    <![CDATA[inconsistent bug]]>
  </system-out>
  <testcase classname="testngflags.Flag3" name="login" time="0.001"/>
  <system-out>
    <![CDATA[inconsistent bug]]>
  </system-out>
  <testcase classname="testngflags.Flag3" name="login" time="0.001"/>
  <system-out>
    <![CDATA[inconsistent bug]]>
  </system-out>
  <testcase classname="testngflags.Flag3" name="login" time="0.001"/>
  <system-out>
    <![CDATA[inconsistent bug]]>
  </system-out>
  <testcase classname="testngflags.Flag3" name="login" time="0.001"/>
  <system-out>
    <![CDATA[inconsistent bug]]>
  </system-out>
  <testcase classname="testngflags.Flag3" name="login" time="0.002"/>
  <system-out>
    <![CDATA[inconsistent bug]]>
  </system-out>
  <testcase classname="testngflags.Flag3" name="login" time="0.002"/>
  <system-out>
    <![CDATA[inconsistent bug]]>
  </system-out>
  <testcase classname="testngflags.Flag3" name="login" time="0.001"/>
  <system-out>
    <![CDATA[inconsistent bug]]>
  </system-out>
  <testcase classname="testngflags.Flag3" name="login" time="0.001"/>
  <system-out>
    <![CDATA[inconsistent bug]]>
  </system-out>
  <testcase classname="testngflags.Flag3" name="login" time="0.001"/>
  <system-out>
    <![CDATA[inconsistent bug]]>
  </system-out>
  <testcase classname="testngflags.Flag3" name="login" time="0.001"/>
  <system-out>
    <![CDATA[inconsistent bug]]>
  </system-out>
  <testcase classname="testngflags.Flag3" name="login" time="0.001"/>
  <system-out>
    <![CDATA[inconsistent bug]]>
  </system-out>
  <testcase classname="testngflags.Flag3" name="login" time="0.000"/>
  <system-out>
    <![CDATA[inconsistent bug]]>
  </system-out>
  <testcase classname="testngflags.Flag3" name="login" time="0.001"/>
  <system-out>
    <![CDATA[inconsistent bug]]>
  </system-out>
  <testcase classname="testngflags.Flag3" name="login" time="0.001"/>
  <system-out>
    <![CDATA[inconsistent bug]]>
  </system-out>
  <testcase classname="testngflags.Flag3" name="login" time="0.001"/>
  <system-out>
    <![CDATA[inconsistent bug]]>
  </system-out>
  <testcase classname="testngflags.Flag3" name="login" time="0.001"/>
  <system-out>
    <![CDATA[inconsistent bug]]>
  </system-out>
  <testcase classname="testngflags.Flag3" name="login" time="0.001"/>
  <system-out>
    <![CDATA[inconsistent bug]]>
  </system-out>
  <testcase classname="testngflags.Flag3" name="login" time="0.001"/>
  <system-out>
    <![CDATA[inconsistent bug]]>
  </system-out>
  <testcase classname="testngflags.Flag3" name="login" time="0.001"/>
  <system-out>
    <![CDATA[inconsistent bug]]>
  </system-out>
  <testcase classname="testngflags.Flag3" name="login" time="0.001"/>
  <system-out>
    <![CDATA[inconsistent bug]]>
  </system-out>
  <testcase classname="testngflags.Flag3" name="login" time="0.001"/>
  <system-out>
    <![CDATA[inconsistent bug]]>
  </system-out>
  <testcase classname="testngflags.Flag3" name="login" time="0.000"/>
  <system-out>
    <![CDATA[inconsistent bug]]>
  </system-out>
  <testcase classname="testngflags.Flag3" name="login" time="0.001"/>
  <system-out>
    <![CDATA[inconsistent bug]]>
  </system-out>
  <testcase classname="testngflags.Flag3" name="login" time="0.001"/>
  <system-out>
    <![CDATA[inconsistent bug]]>
  </system-out>
  <testcase classname="testngflags.Flag3" name="login" time="0.000"/>
  <system-out>
    <![CDATA[inconsistent bug]]>
  </system-out>
  <testcase classname="testngflags.Flag3" name="login" time="0.001"/>
  <system-out>
    <![CDATA[inconsistent bug]]>
  </system-out>
  <testcase classname="testngflags.Flag3" name="login" time="0.001"/>
  <system-out>
    <![CDATA[inconsistent bug]]>
  </system-out>
  <testcase classname="testngflags.Flag3" name="login" time="0.001"/>
  <system-out>
    <![CDATA[inconsistent bug]]>
  </system-out>
  <testcase classname="testngflags.Flag3" name="login" time="0.001"/>
  <system-out>
    <![CDATA[inconsistent bug]]>
  </system-out>
  <testcase classname="testngflags.Flag3" name="login" time="0.001"/>
  <system-out>
    <![CDATA[inconsistent bug]]>
  </system-out>
  <testcase classname="testngflags.Flag3" name="login" time="0.001"/>
  <system-out>
    <![CDATA[inconsistent bug]]>
  </system-out>
  <testcase classname="testngflags.Flag3" name="login" time="0.000"/>
  <system-out>
    <![CDATA[inconsistent bug]]>
  </system-out>
  <testcase classname="testngflags.Flag3" name="login" time="0.001"/>
  <system-out>
    <![CDATA[inconsistent bug]]>
  </system-out>
  <testcase classname="testngflags.Flag3" name="login" time="0.001"/>
  <system-out>
    <![CDATA[inconsistent bug]]>
  </system-out>
  <testcase classname="testngflags.Flag3" name="login" time="0.000"/>
  <system-out>
    <![CDATA[inconsistent bug]]>
  </system-out>
  <testcase classname="testngflags.Flag3" name="login" time="0.000"/>
  <system-out>
    <![CDATA[inconsistent bug]]>
  </system-out>
  <testcase classname="testngflags.Flag3" name="login" time="0.001"/>
  <system-out>
    <![CDATA[inconsistent bug]]>
  </system-out>
  <testcase classname="testngflags.Flag3" name="login" time="0.001"/>
  <system-out>
    <![CDATA[inconsistent bug]]>
  </system-out>
  <testcase classname="testngflags.Flag3" name="login" time="0.001"/>
  <system-out>
    <![CDATA[inconsistent bug]]>
  </system-out>
  <testcase classname="testngflags.Flag3" name="login" time="0.000"/>
  <system-out>
    <![CDATA[inconsistent bug]]>
  </system-out>
  <testcase classname="testngflags.Flag3" name="login" time="0.002"/>
  <system-out>
    <![CDATA[inconsistent bug]]>
  </system-out>
  <testcase classname="testngflags.Flag3" name="login" time="0.001"/>
  <system-out>
    <![CDATA[inconsistent bug]]>
  </system-out>
  <testcase classname="testngflags.Flag3" name="login" time="0.001"/>
  <system-out>
    <![CDATA[inconsistent bug]]>
  </system-out>
  <testcase classname="testngflags.Flag3" name="login" time="0.000"/>
  <system-out>
    <![CDATA[inconsistent bug]]>
  </system-out>
  <testcase classname="testngflags.Flag3" name="login" time="0.000"/>
  <system-out>
    <![CDATA[inconsistent bug]]>
  </system-out>
  <testcase classname="testngflags.Flag3" name="login" time="0.001"/>
  <system-out>
    <![CDATA[inconsistent bug]]>
  </system-out>
  <testcase classname="testngflags.Flag3" name="login" time="0.001"/>
  <system-out>
    <![CDATA[inconsistent bug]]>
  </system-out>
  <testcase classname="testngflags.Flag3" name="login" time="0.000"/>
  <system-out>
    <![CDATA[inconsistent bug]]>
  </system-out>
  <testcase classname="testngflags.Flag3" name="login" time="0.001"/>
  <system-out>
    <![CDATA[inconsistent bug]]>
  </system-out>
  <testcase classname="testngflags.Flag3" name="login" time="0.001"/>
  <system-out>
    <![CDATA[inconsistent bug]]>
  </system-out>
  <testcase classname="testngflags.Flag3" name="login" time="0.001"/>
  <system-out>
    <![CDATA[inconsistent bug]]>
  </system-out>
  <testcase classname="testngflags.Flag3" name="login" time="0.001"/>
  <system-out>
    <![CDATA[inconsistent bug]]>
  </system-out>
  <testcase classname="testngflags.Flag3" name="login" time="0.001"/>
  <system-out>
    <![CDATA[inconsistent bug]]>
  </system-out>
  <testcase classname="testngflags.Flag3" name="login" time="0.001"/>
  <system-out>
    <![CDATA[inconsistent bug]]>
  </system-out>
  <testcase classname="testngflags.Flag3" name="login" time="0.001"/>
  <system-out>
    <![CDATA[inconsistent bug]]>
  </system-out>
  <testcase classname="testngflags.Flag3" name="login" time="0.002"/>
  <system-out>
    <![CDATA[inconsistent bug]]>
  </system-out>
  <testcase classname="testngflags.Flag3" name="login" time="0.001"/>
  <system-out>
    <![CDATA[inconsistent bug]]>
  </system-out>
  <testcase classname="testngflags.Flag3" name="login" time="0.000"/>
  <system-out>
    <![CDATA[inconsistent bug]]>
  </system-out>
  <testcase classname="testngflags.Flag3" name="login" time="0.001"/>
  <system-out>
    <![CDATA[inconsistent bug]]>
  </system-out>
  <testcase classname="testngflags.Flag3" name="login" time="0.001"/>
  <system-out>
    <![CDATA[inconsistent bug]]>
  </system-out>
  <testcase classname="testngflags.Flag3" name="login" time="0.002"/>
  <system-out>
    <![CDATA[inconsistent bug]]>
  </system-out>
  <testcase classname="testngflags.Flag3" name="login" time="0.001"/>
  <system-out>
    <![CDATA[inconsistent bug]]>
  </system-out>
  <testcase classname="testngflags.Flag3" name="login" time="0.002"/>
  <system-out>
    <![CDATA[inconsistent bug]]>
  </system-out>
  <testcase classname="testngflags.Flag3" name="login" time="0.002"/>
  <system-out>
    <![CDATA[inconsistent bug]]>
  </system-out>
  <testcase classname="testngflags.Flag3" name="login" time="0.001"/>
  <system-out>
    <![CDATA[inconsistent bug]]>
  </system-out>
  <testcase classname="testngflags.Flag3" name="login" time="0.001"/>
  <system-out>
    <![CDATA[inconsistent bug]]>
  </system-out>
  <testcase classname="testngflags.Flag3" name="login" time="0.001"/>
  <system-out>
    <![CDATA[inconsistent bug]]>
  </system-out>
  <testcase classname="testngflags.Flag3" name="login" time="0.001"/>
  <system-out>
    <![CDATA[inconsistent bug]]>
  </system-out>
  <testcase classname="testngflags.Flag3" name="login" time="0.001"/>
  <system-out>
    <![CDATA[inconsistent bug]]>
  </system-out>
  <testcase classname="testngflags.Flag3" name="login" time="0.000"/>
  <system-out>
    <![CDATA[inconsistent bug]]>
  </system-out>
  <testcase classname="testngflags.Flag3" name="login" time="0.001"/>
  <system-out>
    <![CDATA[inconsistent bug]]>
  </system-out>
  <testcase classname="testngflags.Flag3" name="login" time="0.001"/>
  <system-out>
    <![CDATA[inconsistent bug]]>
  </system-out>
  <testcase classname="testngflags.Flag3" name="login" time="0.001"/>
  <system-out>
    <![CDATA[inconsistent bug]]>
  </system-out>
  <testcase classname="testngflags.Flag3" name="login" time="0.001"/>
  <system-out>
    <![CDATA[inconsistent bug]]>
  </system-out>
  <testcase classname="testngflags.Flag3" name="login" time="0.000"/>
  <system-out>
    <![CDATA[inconsistent bug]]>
  </system-out>
  <testcase classname="testngflags.Flag3" name="login" time="0.001"/>
  <system-out>
    <![CDATA[inconsistent bug]]>
  </system-out>
  <testcase classname="testngflags.Flag3" name="login" time="0.001"/>
  <system-out>
    <![CDATA[inconsistent bug]]>
  </system-out>
  <testcase classname="testngflags.Flag3" name="login" time="0.001"/>
  <system-out>
    <![CDATA[inconsistent bug]]>
  </system-out>
  <testcase classname="testngflags.Flag3" name="login" time="0.001"/>
  <system-out>
    <![CDATA[inconsistent bug]]>
  </system-out>
  <testcase classname="testngflags.Flag3" name="login" time="0.000"/>
  <system-out>
    <![CDATA[inconsistent bug]]>
  </system-out>
  <testcase classname="testngflags.Flag3" name="login" time="0.001"/>
  <system-out>
    <![CDATA[inconsistent bug]]>
  </system-out>
  <testcase classname="testngflags.Flag3" name="login" time="0.001"/>
  <system-out>
    <![CDATA[inconsistent bug]]>
  </system-out>
  <testcase classname="testngflags.Flag3" name="login" time="0.000"/>
  <system-out>
    <![CDATA[inconsistent bug]]>
  </system-out>
  <testcase classname="testngflags.Flag3" name="login" time="0.001"/>
  <system-out>
    <![CDATA[inconsistent bug]]>
  </system-out>
  <testcase classname="testngflags.Flag3" name="login" time="0.001"/>
  <system-out>
    <![CDATA[inconsistent bug]]>
  </system-out>
  <testcase classname="testngflags.Flag3" name="login" time="0.001"/>
  <system-out>
    <![CDATA[inconsistent bug]]>
  </system-out>
  <testcase classname="testngflags.Flag3" name="login" time="0.000"/>
  <system-out>
    <![CDATA[inconsistent bug]]>
  </system-out>
  <testcase classname="testngflags.Flag3" name="login" time="0.000"/>
  <system-out>
    <![CDATA[inconsistent bug]]>
  </system-out>
  <testcase classname="testngflags.Flag3" name="login" time="0.001"/>
  <system-out>
    <![CDATA[inconsistent bug]]>
  </system-out>
  <testcase classname="testngflags.Flag3" name="login" time="0.001"/>
  <system-out>
    <![CDATA[inconsistent bug]]>
  </system-out>
  <testcase classname="testngflags.Flag3" name="login" time="0.001"/>
  <system-out>
    <![CDATA[inconsistent bug]]>
  </system-out>
  <testcase classname="testngflags.Flag3" name="login" time="0.001"/>
  <system-out>
    <![CDATA[inconsistent bug]]>
  </system-out>
  <testcase classname="testngflags.Flag3" name="login" time="0.001"/>
  <system-out>
    <![CDATA[inconsistent bug]]>
  </system-out>
  <testcase classname="testngflags.Flag3" name="login" time="0.001"/>
  <system-out>
    <![CDATA[inconsistent bug]]>
  </system-out>
  <testcase classname="testngflags.Flag3" name="login" time="0.001"/>
  <system-out>
    <![CDATA[inconsistent bug]]>
  </system-out>
  <testcase classname="testngflags.Flag3" name="login" time="0.000"/>
  <system-out>
    <![CDATA[inconsistent bug]]>
  </system-out>
  <testcase classname="testngflags.Flag3" name="login" time="0.001"/>
  <system-out>
    <![CDATA[inconsistent bug]]>
  </system-out>
  <testcase classname="testngflags.Flag3" name="login" time="0.001"/>
  <system-out>
    <![CDATA[inconsistent bug]]>
  </system-out>
  <testcase classname="testngflags.Flag3" name="login" time="0.000"/>
  <system-out>
    <![CDATA[inconsistent bug]]>
  </system-out>
  <testcase classname="testngflags.Flag3" name="login" time="0.001"/>
  <system-out>
    <![CDATA[inconsistent bug]]>
  </system-out>
  <testcase classname="testngflags.Flag3" name="login" time="0.001"/>
  <system-out>
    <![CDATA[inconsistent bug]]>
  </system-out>
  <testcase classname="testngflags.Flag3" name="login" time="0.001"/>
  <system-out>
    <![CDATA[inconsistent bug]]>
  </system-out>
  <testcase classname="testngflags.Flag3" name="login" time="0.001"/>
  <system-out>
    <![CDATA[inconsistent bug]]>
  </system-out>
  <testcase classname="testngflags.Flag3" name="login" time="0.001"/>
  <system-out>
    <![CDATA[inconsistent bug]]>
  </system-out>
  <testcase classname="testngflags.Flag3" name="login" time="0.000"/>
  <system-out>
    <![CDATA[inconsistent bug]]>
  </system-out>
  <testcase classname="testngflags.Flag3" name="login" time="0.001"/>
  <system-out>
    <![CDATA[inconsistent bug]]>
  </system-out>
  <testcase classname="testngflags.Flag3" name="login" time="0.001"/>
  <system-out>
    <![CDATA[inconsistent bug]]>
  </system-out>
[...]
  <system-out>
    <![CDATA[inconsistent bug]]>
  </system-out>
  <testcase classname="testngflags.Flag3" name="login" time="0.001"/>
  <system-out>
    <![CDATA[inconsistent bug]]>
  </system-out>
  <testcase classname="testngflags.Flag3" name="login" time="0.001"/>
  <system-out>
    <![CDATA[inconsistent bug]]>
  </system-out>
  <testcase classname="testngflags.Flag3" name="login" time="0.001"/>
  <system-out>
    <![CDATA[inconsistent bug]]>
  </system-out>
  <testcase classname="testngflags.Flag3" name="login" time="0.001"/>
  <system-out>
    <![CDATA[inconsistent bug]]>
  </system-out>
  <testcase classname="testngflags.Flag3" name="login" time="0.001"/>
  <system-out>
    <![CDATA[inconsistent bug]]>
  </system-out>
  <testcase classname="testngflags.Flag3" name="login" time="0.001"/>
  <system-out>
    <![CDATA[inconsistent bug]]>
  </system-out>
  <testcase classname="testngflags.Flag3" name="login" time="0.001"/>
  <system-out>
    <![CDATA[inconsistent bug]]>
  </system-out>
  <testcase classname="testngflags.Flag3" name="login" time="0.001"/>
  <system-out>
    <![CDATA[inconsistent bug]]>
  </system-out>
  <testcase classname="testngflags.Flag3" name="login" time="0.001"/>
  <system-out>
    <![CDATA[inconsistent bug]]>
  </system-out>
  <testcase classname="testngflags.Flag3" name="login" time="0.001"/>
  <system-out>
    <![CDATA[inconsistent bug]]>
  </system-out>
  <testcase classname="testngflags.Flag3" name="login" time="0.001"/>
  <system-out>
    <![CDATA[inconsistent bug]]>
  </system-out>
  <testcase classname="testngflags.Flag3" name="login" time="0.001"/>
  <system-out>
    <![CDATA[inconsistent bug]]>
  </system-out>
  <testcase classname="testngflags.Flag3" name="login" time="0.001"/>
  <system-out>
    <![CDATA[inconsistent bug]]>
  </system-out>
  <testcase classname="testngflags.Flag3" name="login" time="0.001"/>
  <system-out>
    <![CDATA[inconsistent bug]]>
  </system-out>
  <testcase classname="testngflags.Flag3" name="login" time="0.002"/>
  <system-out>
    <![CDATA[inconsistent bug]]>
  </system-out>
  <testcase classname="testngflags.Flag3" name="login" time="0.001"/>
  <system-out>
    <![CDATA[inconsistent bug]]>
  </system-out>
  <testcase classname="testngflags.Flag3" name="login" time="0.001"/>
  <system-out>
    <![CDATA[inconsistent bug]]>
  </system-out>
  <testcase classname="testngflags.Flag3" name="login" time="0.001"/>
  <system-out>
    <![CDATA[inconsistent bug]]>
  </system-out>
  <testcase classname="testngflags.Flag3" name="login" time="0.001"/>
  <system-out>
    <![CDATA[inconsistent bug]]>
  </system-out>
  <testcase classname="testngflags.Flag3" name="login" time="0.000"/>
  <system-out>
    <![CDATA[inconsistent bug]]>
  </system-out>
  <testcase classname="testngflags.Flag3" name="login" time="0.001"/>
  <system-out>
    <![CDATA[inconsistent bug]]>
  </system-out>
  <testcase classname="testngflags.Flag3" name="login" time="0.001"/>
  <system-out>
    <![CDATA[inconsistent bug]]>
  </system-out>
  <testcase classname="testngflags.Flag3" name="login" time="0.001"/>
  <system-out>
    <![CDATA[inconsistent bug]]>
  </system-out>
  <testcase classname="testngflags.Flag3" name="login" time="0.001"/>
  <system-out>
    <![CDATA[inconsistent bug]]>
  </system-out>
  <testcase classname="testngflags.Flag3" name="login" time="0.001"/>
  <system-out>
    <![CDATA[inconsistent bug]]>
  </system-out>
  <testcase classname="testngflags.Flag3" name="login" time="0.000"/>
  <system-out>
    <![CDATA[inconsistent bug]]>
  </system-out>
  <testcase classname="testngflags.Flag3" name="login" time="0.002"/>
  <system-out>
    <![CDATA[inconsistent bug]]>
  </system-out>
  <testcase classname="testngflags.Flag3" name="login" time="0.001"/>
  <system-out>
    <![CDATA[inconsistent bug]]>
  </system-out>
  <testcase classname="testngflags.Flag3" name="login" time="0.002"/>
  <system-out>
    <![CDATA[inconsistent bug]]>
  </system-out>
  <testcase classname="testngflags.Flag3" name="login" time="0.000"/>
  <system-out>
    <![CDATA[inconsistent bug]]>
  </system-out>
  <testcase classname="testngflags.Flag3" name="login" time="0.001"/>
  <system-out>
    <![CDATA[inconsistent bug]]>
  </system-out>
  <testcase classname="testngflags.Flag3" name="login" time="0.001"/>
  <system-out>
    <![CDATA[inconsistent bug]]>
  </system-out>
  <testcase classname="testngflags.Flag3" name="login" time="0.001"/>
  <system-out>
    <![CDATA[inconsistent bug]]>
  </system-out>
  <testcase classname="testngflags.Flag3" name="login" time="0.001"/>
  <system-out>
    <![CDATA[inconsistent bug]]>
  </system-out>
  <testcase classname="testngflags.Flag3" name="login" time="0.002"/>
  <system-out>
    <![CDATA[inconsistent bug]]>
  </system-out>
  <testcase classname="testngflags.Flag3" name="login" time="0.000"/>
  <system-out>
    <![CDATA[inconsistent bug]]>
  </system-out>
  <testcase classname="testngflags.Flag3" name="login" time="0.000"/>
  <system-out>
    <![CDATA[inconsistent bug]]>
  </system-out>
  <testcase classname="testngflags.Flag3" name="login" time="0.001"/>
  <system-out>
    <![CDATA[inconsistent bug]]>
  </system-out>
  <testcase classname="testngflags.Flag3" name="login" time="0.000"/>
  <system-out>
    <![CDATA[inconsistent bug]]>
  </system-out>
  <testcase classname="testngflags.Flag3" name="login" time="0.001"/>
  <system-out>
    <![CDATA[inconsistent bug]]>
  </system-out>
  <testcase classname="testngflags.Flag3" name="login" time="0.001"/>
  <system-out>
    <![CDATA[inconsistent bug]]>
  </system-out>
  <testcase classname="testngflags.Flag3" name="login" time="0.001"/>
  <system-out>
    <![CDATA[inconsistent bug]]>
  </system-out>
  <testcase classname="testngflags.Flag3" name="login" time="0.001"/>
  <system-out>
    <![CDATA[inconsistent bug]]>
  </system-out>
  <testcase classname="testngflags.Flag3" name="login" time="0.001"/>
  <system-out>
    <![CDATA[inconsistent bug]]>
  </system-out>
  <testcase classname="testngflags.Flag3" name="login" time="0.001"/>
  <system-out>
    <![CDATA[inconsistent bug]]>
  </system-out>
  <testcase classname="testngflags.Flag3" name="login" time="0.001"/>
  <system-out>
    <![CDATA[inconsistent bug]]>
  </system-out>
  <testcase classname="testngflags.Flag3" name="login" time="0.001"/>
  <system-out>
    <![CDATA[inconsistent bug]]>
  </system-out>
  <testcase classname="testngflags.Flag3" name="login" time="0.000"/>
  <system-out>
    <![CDATA[inconsistent bug]]>
  </system-out>
  <testcase classname="testngflags.Flag3" name="login" time="0.001"/>
  <system-out>
    <![CDATA[inconsistent bug]]>
  </system-out>
  <testcase classname="testngflags.Flag3" name="login" time="0.001"/>
  <system-out>
    <![CDATA[inconsistent bug]]>
  </system-out>
  <testcase classname="testngflags.Flag3" name="login" time="0.000"/>
  <system-out>
    <![CDATA[inconsistent bug]]>
  </system-out>
  <testcase classname="testngflags.Flag3" name="login" time="0.001"/>
  <system-out>
    <![CDATA[inconsistent bug]]>
  </system-out>
  <testcase classname="testngflags.Flag3" name="login" time="0.000"/>
  <system-out>
    <![CDATA[inconsistent bug]]>
  </system-out>
  <testcase classname="testngflags.Flag3" name="login" time="0.001"/>
  <system-out>
    <![CDATA[inconsistent bug]]>
  </system-out>
  <testcase classname="testngflags.Flag3" name="login" time="0.000"/>
  <system-out>
    <![CDATA[inconsistent bug]]>
  </system-out>
  <testcase classname="testngflags.Flag3" name="login" time="0.001"/>
  <system-out>
    <![CDATA[inconsistent bug]]>
  </system-out>
  <testcase classname="testngflags.Flag3" name="login" time="0.001"/>
  <system-out>
    <![CDATA[inconsistent bug]]>
  </system-out>
  <testcase classname="testngflags.Flag3" name="login" time="0.001"/>
  <system-out>
    <![CDATA[inconsistent bug]]>
  </system-out>
  <testcase classname="testngflags.Flag3" name="login" time="0.001"/>
  <system-out>
    <![CDATA[inconsistent bug]]>
  </system-out>
  <testcase classname="testngflags.Flag3" name="login" time="0.002"/>
  <system-out>
    <![CDATA[inconsistent bug]]>
  </system-out>
  <testcase classname="testngflags.Flag3" name="login" time="0.000"/>
  <system-out>
    <![CDATA[inconsistent bug]]>
  </system-out>
  <testcase classname="testngflags.Flag3" name="login" time="0.001"/>
  <system-out>
    <![CDATA[inconsistent bug]]>
  </system-out>
  <testcase classname="testngflags.Flag3" name="login" time="0.002"/>
  <system-out>
    <![CDATA[inconsistent bug]]>
  </system-out>
  <testcase classname="testngflags.Flag3" name="login" time="0.001"/>
  <system-out>
    <![CDATA[inconsistent bug]]>
  </system-out>
  <testcase classname="testngflags.Flag3" name="login" time="0.001"/>
  <system-out>
    <![CDATA[inconsistent bug]]>
  </system-out>
  <testcase classname="testngflags.Flag3" name="login" time="0.001"/>
  <system-out>
    <![CDATA[inconsistent bug]]>
  </system-out>
  <testcase classname="testngflags.Flag3" name="login" time="0.002"/>
  <system-out>
    <![CDATA[inconsistent bug]]>
  </system-out>
  <testcase classname="testngflags.Flag3" name="login" time="0.001"/>
  <system-out>
    <![CDATA[inconsistent bug]]>
  </system-out>
  <testcase classname="testngflags.Flag3" name="login" time="0.000"/>
  <system-out>
    <![CDATA[inconsistent bug]]>
  </system-out>
  <testcase classname="testngflags.Flag3" name="login" time="0.000"/>
  <system-out>
    <![CDATA[inconsistent bug]]>
  </system-out>
  <testcase classname="testngflags.Flag3" name="login" time="0.000"/>
  <system-out>
    <![CDATA[inconsistent bug]]>
  </system-out>
  <testcase classname="testngflags.Flag3" name="login" time="0.001"/>
  <system-out>
    <![CDATA[inconsistent bug]]>
  </system-out>
  <testcase classname="testngflags.Flag3" name="login" time="0.000"/>
  <system-out>
    <![CDATA[inconsistent bug]]>
  </system-out>
  <testcase classname="testngflags.Flag3" name="login" time="0.001"/>
  <system-out>
    <![CDATA[inconsistent bug]]>
  </system-out>
  <testcase classname="testngflags.Flag3" name="login" time="0.001"/>
  <system-out>
    <![CDATA[inconsistent bug]]>
  </system-out>
  <testcase classname="testngflags.Flag3" name="login" time="0.001"/>
  <system-out>
    <![CDATA[inconsistent bug]]>
  </system-out>
  <testcase classname="testngflags.Flag3" name="login" time="0.000"/>
  <system-out>
    <![CDATA[inconsistent bug]]>
  </system-out>
  <testcase classname="testngflags.Flag3" name="login" time="0.001"/>
  <system-out>
    <![CDATA[inconsistent bug]]>
  </system-out>
  <testcase classname="testngflags.Flag3" name="login" time="0.002"/>
  <system-out>
    <![CDATA[inconsistent bug]]>
  </system-out>
  <testcase classname="testngflags.Flag3" name="login" time="0.001"/>
  <system-out>
    <![CDATA[inconsistent bug]]>
  </system-out>
  <testcase classname="testngflags.Flag3" name="login" time="0.001"/>
  <system-out>
    <![CDATA[inconsistent bug]]>
  </system-out>
  <testcase classname="testngflags.Flag3" name="login" time="0.001"/>
  <system-out>
    <![CDATA[inconsistent bug]]>
  </system-out>
  <testcase classname="testngflags.Flag3" name="login" time="0.000"/>
  <system-out>
    <![CDATA[inconsistent bug]]>
  </system-out>
  <testcase classname="testngflags.Flag3" name="login" time="0.000"/>
  <system-out>
    <![CDATA[inconsistent bug]]>
  </system-out>
  <testcase classname="testngflags.Flag3" name="login" time="0.002"/>
  <system-out>
    <![CDATA[inconsistent bug]]>
  </system-out>
  <testcase classname="testngflags.Flag3" name="login" time="0.001"/>
  <system-out>
    <![CDATA[inconsistent bug]]>
  </system-out>
  <testcase classname="testngflags.Flag3" name="login" time="0.001"/>
  <system-out>
    <![CDATA[inconsistent bug]]>
  </system-out>
  <testcase classname="testngflags.Flag3" name="login" time="0.001"/>
  <system-out>
    <![CDATA[inconsistent bug]]>
  </system-out>
  <testcase classname="testngflags.Flag3" name="login" time="0.001"/>
  <system-out>
    <![CDATA[inconsistent bug]]>
  </system-out>
  <testcase classname="testngflags.Flag3" name="login" time="0.002"/>
  <system-out>
    <![CDATA[inconsistent bug]]>
  </system-out>
  <testcase classname="testngflags.Flag3" name="login" time="0.001"/>
  <system-out>
    <![CDATA[inconsistent bug]]>
  </system-out>
  <testcase classname="testngflags.Flag3" name="login" time="0.001"/>
  <system-out>
    <![CDATA[inconsistent bug]]>
  </system-out>
  <testcase classname="testngflags.Flag3" name="login" time="0.001"/>
  <system-out>
    <![CDATA[inconsistent bug]]>
  </system-out>
  <testcase classname="testngflags.Flag3" name="login" time="0.001"/>
  <system-out>
    <![CDATA[inconsistent bug]]>
  </system-out>
  <testcase classname="testngflags.Flag3" name="login" time="0.002"/>
  <system-out>
    <![CDATA[inconsistent bug]]>
  </system-out>
  <testcase classname="testngflags.Flag3" name="login" time="0.001"/>
  <system-out>
    <![CDATA[inconsistent bug]]>
  </system-out>
  <testcase classname="testngflags.Flag3" name="login" time="0.001"/>
  <system-out>
    <![CDATA[inconsistent bug]]>
  </system-out>
  <testcase classname="testngflags.Flag3" name="login" time="0.001"/>
  <system-out>
    <![CDATA[inconsistent bug]]>
  </system-out>
  <testcase classname="testngflags.Flag3" name="login" time="0.001"/>
  <system-out>
    <![CDATA[inconsistent bug]]>
  </system-out>
  <testcase classname="testngflags.Flag3" name="login" time="0.001"/>
  <system-out>
    <![CDATA[inconsistent bug]]>
  </system-out>
  <testcase classname="testngflags.Flag3" name="login" time="0.001"/>
  <system-out>
    <![CDATA[inconsistent bug]]>
  </system-out>
  <testcase classname="testngflags.Flag3" name="login" time="0.001"/>
  <system-out>
    <![CDATA[inconsistent bug]]>
  </system-out>
  <testcase classname="testngflags.Flag3" name="login" time="0.001"/>
  <system-out>
    <![CDATA[inconsistent bug]]>
  </system-out>
  <testcase classname="testngflags.Flag3" name="login" time="0.001"/>
  <system-out>
    <![CDATA[inconsistent bug]]>
  </system-out>
  <testcase classname="testngflags.Flag3" name="login" time="0.001"/>
  <system-out>
    <![CDATA[inconsistent bug]]>
  </system-out>
  <testcase classname="testngflags.Flag3" name="login" time="0.002"/>
  <system-out>
    <![CDATA[inconsistent bug]]>
  </system-out>
  <testcase classname="testngflags.Flag3" name="login" time="0.001"/>
  <system-out>
    <![CDATA[inconsistent bug]]>
  </system-out>
  <testcase classname="testngflags.Flag3" name="login" time="0.001"/>
  <system-out>
    <![CDATA[inconsistent bug]]>
  </system-out>
  <testcase classname="testngflags.Flag3" name="login" time="0.001"/>
  <system-out>
    <![CDATA[inconsistent bug]]>
  </system-out>
  <testcase classname="testngflags.Flag3" name="login" time="0.000"/>
  <system-out>
    <![CDATA[inconsistent bug]]>
  </system-out>
  <testcase classname="testngflags.Flag3" name="login" time="0.001"/>
  <system-out>
    <![CDATA[inconsistent bug]]>
  </system-out>
  <testcase classname="testngflags.Flag3" name="login" time="0.002"/>
  <system-out>
    <![CDATA[inconsistent bug]]>
  </system-out>
  <testcase classname="testngflags.Flag3" name="login" time="0.001"/>
  <system-out>
    <![CDATA[inconsistent bug]]>
  </system-out>
  <testcase classname="testngflags.Flag3" name="login" time="0.001"/>
  <system-out>
    <![CDATA[inconsistent bug]]>
  </system-out>
  <testcase classname="testngflags.Flag3" name="login" time="0.002"/>
  <system-out>
    <![CDATA[inconsistent bug]]>
  </system-out>
  <testcase classname="testngflags.Flag3" name="login" time="0.001"/>
  <system-out>
    <![CDATA[inconsistent bug]]>
  </system-out>
  <testcase classname="testngflags.Flag3" name="login" time="0.002"/>
  <system-out>
    <![CDATA[inconsistent bug]]>
  </system-out>
  <testcase classname="testngflags.Flag3" name="login" time="0.001"/>
  <system-out>
    <![CDATA[inconsistent bug]]>
  </system-out>
  <testcase classname="testngflags.Flag3" name="login" time="0.000"/>
  <system-out>
    <![CDATA[inconsistent bug]]>
  </system-out>
  <testcase classname="testngflags.Flag3" name="login" time="0.001"/>
  <system-out>
    <![CDATA[inconsistent bug]]>
  </system-out>
  <testcase classname="testngflags.Flag3" name="login" time="0.000"/>
  <system-out>
    <![CDATA[inconsistent bug]]>
  </system-out>
  <testcase classname="testngflags.Flag3" name="login" time="0.000"/>
  <system-out>
    <![CDATA[inconsistent bug]]>
  </system-out>
  <testcase classname="testngflags.Flag3" name="login" time="0.001"/>
  <system-out>
    <![CDATA[inconsistent bug]]>
  </system-out>
  <testcase classname="testngflags.Flag3" name="login" time="0.000"/>
  <system-out>
    <![CDATA[inconsistent bug]]>
  </system-out>
  <testcase classname="testngflags.Flag3" name="login" time="0.001"/>
  <system-out>
    <![CDATA[inconsistent bug]]>
  </system-out>
  <testcase classname="testngflags.Flag3" name="login" time="0.001"/>
  <system-out>
    <![CDATA[inconsistent bug]]>
  </system-out>
  <testcase classname="testngflags.Flag3" name="login" time="0.001"/>
  <system-out>
    <![CDATA[inconsistent bug]]>
  </system-out>
  <testcase classname="testngflags.Flag3" name="login" time="0.001"/>
  <system-out>
    <![CDATA[inconsistent bug]]>
  </system-out>
  <testcase classname="testngflags.Flag3" name="login" time="0.001"/>
  <system-out>
    <![CDATA[inconsistent bug]]>
  </system-out>
  <testcase classname="testngflags.Flag3" name="login" time="0.001"/>
  <system-out>
    <![CDATA[inconsistent bug]]>
  </system-out>
  <testcase classname="testngflags.Flag3" name="login" time="0.000"/>
  <system-out>
    <![CDATA[inconsistent bug]]>
  </system-out>
  <testcase classname="testngflags.Flag3" name="login" time="0.001"/>
  <system-out>
    <![CDATA[inconsistent bug]]>
  </system-out>
  <testcase classname="testngflags.Flag3" name="login" time="0.002"/>
  <system-out>
    <![CDATA[inconsistent bug]]>
  </system-out>
  <testcase classname="testngflags.Flag3" name="login" time="0.000"/>
  <system-out>
    <![CDATA[inconsistent bug]]>
  </system-out>
  <testcase classname="testngflags.Flag3" name="login" time="0.001"/>
  <system-out>
    <![CDATA[inconsistent bug]]>
  </system-out>
  <testcase classname="testngflags.Flag3" name="login" time="0.001"/>
  <system-out>
    <![CDATA[inconsistent bug]]>
  </system-out>
  <testcase classname="testngflags.Flag3" name="login" time="0.002"/>
  <system-out>
    <![CDATA[inconsistent bug]]>
  </system-out>
  <testcase classname="testngflags.Flag3" name="login" time="0.000"/>
  <system-out>
    <![CDATA[inconsistent bug]]>
  </system-out>
  <testcase classname="testngflags.Flag3" name="login" time="0.002"/>
  <system-out>
    <![CDATA[inconsistent bug]]>
  </system-out>
  <testcase classname="testngflags.Flag3" name="login" time="0.002"/>
  <system-out>
    <![CDATA[inconsistent bug]]>
  </system-out>
  <testcase classname="testngflags.Flag3" name="login" time="0.001"/>
  <system-out>
    <![CDATA[inconsistent bug]]>
  </system-out>
  <testcase classname="testngflags.Flag3" name="login" time="0.001"/>
  <system-out>
    <![CDATA[inconsistent bug]]>
  </system-out>
  <testcase classname="testngflags.Flag3" name="login" time="0.001"/>
  <system-out>
    <![CDATA[inconsistent bug]]>
  </system-out>
  <testcase classname="testngflags.Flag3" name="login" time="0.001"/>
  <system-out>
    <![CDATA[inconsistent bug]]>
  </system-out>
  <testcase classname="testngflags.Flag3" name="login" time="0.001"/>
  <system-out>
    <![CDATA[inconsistent bug]]>
  </system-out>
  <testcase classname="testngflags.Flag3" name="login" time="0.000"/>
  <system-out>
    <![CDATA[inconsistent bug]]>
  </system-out>
  <testcase classname="testngflags.Flag3" name="login" time="0.001"/>
  <system-out>
    <![CDATA[inconsistent bug]]>
  </system-out>
  <testcase classname="testngflags.Flag3" name="login" time="0.001"/>
  <system-out>
    <![CDATA[inconsistent bug]]>
  </system-out>
</testsuite> <!-- testngflags.Flag3 -->
